<!DOCTYPE html PUBLIC "-//W3C//DTD XHTML 1.1//EN" "http://www.w3.org/TR/xhtml11/DTD/xhtml11.dtd">
<html xmlns="http://www.w3.org/1999/xhtml"><head><title>TestNG Report</title><style type="text/css">table {margin-bottom:10px;border-collapse:collapse;empty-cells:show}th,td {border:1px solid #009;padding:.25em .5em}th {vertical-align:bottom}td {vertical-align:top}table a {font-weight:bold}.stripe td {background-color: #E6EBF9}.num {text-align:right}.passedodd td {background-color: #3F3}.passedeven td {background-color: #0A0}.skippedodd td {background-color: #DDD}.skippedeven td {background-color: #CCC}.failedodd td,.attn {background-color: #F33}.failedeven td,.stripe .attn {background-color: #D00}.stacktrace {white-space:pre;font-family:monospace}.totop {font-size:85%;text-align:center;border-bottom:2px solid #000}</style></head><body><table><tr><th>Test</th><th># Passed</th><th># Skipped</th><th># Failed</th><th>Time (ms)</th><th>Included Groups</th><th>Excluded Groups</th></tr><tr><th colspan="7">Promytheus</th></tr><tr><td><a href="#t0">login</a></td><td class="num">10</td><td class="num">0</td><td class="num">0</td><td class="num">121,101</td><td></td><td></td></tr><tr class="stripe"><td><a href="#t1">register</a></td><td class="num">15</td><td class="num">0</td><td class="num attn">6</td><td class="num">328,889</td><td></td><td></td></tr><tr><td><a href="#t2">new user</a></td><td class="num">6</td><td class="num">0</td><td class="num">0</td><td class="num">47,714</td><td></td><td></td></tr><tr class="stripe"><td><a href="#t3">personal</a></td><td class="num">10</td><td class="num">0</td><td class="num attn">3</td><td class="num">239,449</td><td></td><td></td></tr><tr><td><a href="#t4">talentTraits</a></td><td class="num">5</td><td class="num">0</td><td class="num attn">2</td><td class="num">71,499</td><td></td><td></td></tr><tr><th>Total</th><th class="num">46</th><th class="num">0</th><th class="num attn">11</th><th class="num">808,652</th><th colspan="2"></th></tr></table><table><thead><tr><th>Class</th><th>Method</th><th>Start</th><th>Time (ms)</th></tr></thead><tbody><tr><th colspan="4">Promytheus</th></tr></tbody><tbody id="t0"><tr><th colspan="4">login &#8212; passed</th></tr><tr class="passedeven"><td rowspan="10">tests.LoginPageTest</td><td><a href="#m0">checkLogo</a></td><td rowspan="1">1510777952345</td><td rowspan="1">581</td></tr><tr class="passedeven"><td><a href="#m1">emptyPass</a></td><td rowspan="1">1510778011509</td><td rowspan="1">998</td></tr><tr class="passedeven"><td><a href="#m2">getErrors</a></td><td rowspan="6">1510777964624</td><td rowspan="6">1153</td></tr><tr class="passedeven"><td><a href="#m3">getErrors</a></td></tr><tr class="passedeven"><td><a href="#m4">getErrors</a></td></tr><tr class="passedeven"><td><a href="#m5">getErrors</a></td></tr><tr class="passedeven"><td><a href="#m6">getErrors</a></td></tr><tr class="passedeven"><td><a href="#m7">getErrors</a></td></tr><tr class="passedeven"><td><a href="#m8">logout</a></td><td rowspan="1">1510778013893</td><td rowspan="1">1553</td></tr><tr class="passedeven"><td><a href="#m9">validLogin</a></td><td rowspan="1">1510778012508</td><td rowspan="1">1385</td></tr></tbody><tbody id="t1"><tr><th colspan="4">register &#8212; failed</th></tr><tr class="failedeven"><td rowspan="6">tests.RegisterPageTest</td><td><a href="#m10">assertMyProfile</a></td><td rowspan="1">1510778225786</td><td rowspan="1">120214</td></tr><tr class="failedeven"><td><a href="#m11">checkEmailError</a></td><td rowspan="3">1510778076880</td><td rowspan="3">10706</td></tr><tr class="failedeven"><td><a href="#m12">checkEmailError</a></td></tr><tr class="failedeven"><td><a href="#m13">checkEmailError</a></td></tr><tr class="failedeven"><td><a href="#m14">checkEmailWelcomeMessage</a></td><td rowspan="1">1510778165656</td><td rowspan="1">60099</td></tr><tr class="failedeven"><td><a href="#m15">registerNewUser</a></td><td rowspan="1">1510778099445</td><td rowspan="1">66208</td></tr><tr><th colspan="4">register &#8212; passed</th></tr><tr class="passedeven"><td rowspan="15">tests.RegisterPageTest</td><td><a href="#m16">checkEmailError</a></td><td rowspan="13">1510778099053</td><td rowspan="13">391</td></tr><tr class="passedeven"><td><a href="#m17">checkEmailError</a></td></tr><tr class="passedeven"><td><a href="#m18">checkEmailError</a></td></tr><tr class="passedeven"><td><a href="#m19">checkEmailError</a></td></tr><tr class="passedeven"><td><a href="#m20">checkEmailError</a></td></tr><tr class="passedeven"><td><a href="#m21">checkEmailError</a></td></tr><tr class="passedeven"><td><a href="#m22">checkEmailError</a></td></tr><tr class="passedeven"><td><a href="#m23">checkEmailError</a></td></tr><tr class="passedeven"><td><a href="#m24">checkEmailError</a></td></tr><tr class="passedeven"><td><a href="#m25">checkEmailError</a></td></tr><tr class="passedeven"><td><a href="#m26">checkEmailError</a></td></tr><tr class="passedeven"><td><a href="#m27">checkEmailError</a></td></tr><tr class="passedeven"><td><a href="#m28">checkEmailError</a></td></tr><tr class="passedeven"><td><a href="#m29">checkLogo</a></td><td rowspan="1">1510778057338</td><td rowspan="1">222</td></tr><tr class="passedeven"><td><a href="#m30">gotoRegister</a></td><td rowspan="1">1510778057561</td><td rowspan="1">1071</td></tr></tbody><tbody id="t2"><tr><th colspan="4">new user &#8212; passed</th></tr><tr class="passedeven"><td rowspan="6">tests.CategoryPageTest</td><td><a href="#m31">checkLogo</a></td><td rowspan="1">1510778368732</td><td rowspan="1">2131</td></tr><tr class="passedeven"><td><a href="#m32">getError</a></td><td rowspan="1">1510778389338</td><td rowspan="1">1661</td></tr><tr class="passedeven"><td><a href="#m33">selectCategory1</a></td><td rowspan="3">1510778381861</td><td rowspan="3">3763</td></tr><tr class="passedeven"><td><a href="#m34">selectCategory1</a></td></tr><tr class="passedeven"><td><a href="#m35">selectCategory1</a></td></tr><tr class="passedeven"><td><a href="#m36">validLogin</a></td><td rowspan="1">1510778370863</td><td rowspan="1">7063</td></tr></tbody><tbody id="t3"><tr><th colspan="4">personal &#8212; failed</th></tr><tr class="failedeven"><td rowspan="3">tests.PersonalPageTest</td><td><a href="#m37">enterInvalidEmail</a></td><td rowspan="1">1510778464100</td><td rowspan="1">794</td></tr><tr class="failedeven"><td><a href="#m38">insertInformation</a></td><td rowspan="2">1510778505336</td><td rowspan="2">37657</td></tr><tr class="failedeven"><td><a href="#m39">insertInformation</a></td></tr><tr><th colspan="4">personal &#8212; passed</th></tr><tr class="passedeven"><td rowspan="10">tests.PersonalPageTest</td><td><a href="#m40">checkLogo</a></td><td rowspan="1">1510778410584</td><td rowspan="1">2530</td></tr><tr class="passedeven"><td><a href="#m41">enterInvalidPhone</a></td><td rowspan="1">1510778464896</td><td rowspan="1">472</td></tr><tr class="passedeven"><td><a href="#m42">enterLongFirstName</a></td><td rowspan="1">1510778419167</td><td rowspan="1">9057</td></tr><tr class="passedeven"><td><a href="#m43">getIncorrectFileType</a></td><td rowspan="1">1510778428225</td><td rowspan="1">25269</td></tr><tr class="passedeven"><td><a href="#m44">getPlaceBirthError</a></td><td rowspan="1">1510778453495</td><td rowspan="1">10605</td></tr><tr class="passedeven"><td><a href="#m45">goPersonal</a></td><td rowspan="1">1510778415053</td><td rowspan="1">4114</td></tr><tr class="passedeven"><td><a href="#m46">insertInformation</a></td><td rowspan="1">1510778466949</td><td rowspan="1">38386</td></tr><tr class="passedeven"><td><a href="#m47">insertInvalidHeight</a></td><td rowspan="1">1510778465369</td><td rowspan="1">682</td></tr><tr class="passedeven"><td><a href="#m48">insertInvalidWeight</a></td><td rowspan="1">1510778466052</td><td rowspan="1">894</td></tr><tr class="passedeven"><td><a href="#m49">validLogin</a></td><td rowspan="1">1510778413115</td><td rowspan="1">1937</td></tr></tbody><tbody id="t4"><tr><th colspan="4">talentTraits &#8212; failed</th></tr><tr class="failedeven"><td rowspan="2">tests.TalentTraitsPageTest</td><td><a href="#m50">goTalentTraits</a></td><td rowspan="1">1510778660109</td><td rowspan="1">14112</td></tr><tr class="failedeven"><td><a href="#m51">insertScales</a></td><td rowspan="1">1510778696828</td><td rowspan="1">7562</td></tr><tr><th colspan="4">talentTraits &#8212; passed</th></tr><tr class="passedeven"><td rowspan="5">tests.TalentTraitsPageTest</td><td><a href="#m52">checkLogo</a></td><td rowspan="1">1510778652394</td><td rowspan="1">2008</td></tr><tr class="passedeven"><td><a href="#m53">getEmptyErrors</a></td><td rowspan="1">1510778674222</td><td rowspan="1">2264</td></tr><tr class="passedeven"><td><a href="#m54">insert0</a></td><td rowspan="1">1510778687934</td><td rowspan="1">8894</td></tr><tr class="passedeven"><td><a href="#m55">insert11</a></td><td rowspan="1">1510778676486</td><td rowspan="1">11448</td></tr><tr class="passedeven"><td><a href="#m56">validLogin</a></td><td rowspan="1">1510778654403</td><td rowspan="1">5706</td></tr></tbody></table><h2>login</h2><h3 id="m0">tests.LoginPageTest#checkLogo</h3><table class="result"></table><p class="totop"><a href="#summary">back to summary</a></p><h3 id="m1">tests.LoginPageTest#emptyPass</h3><table class="result"></table><p class="totop"><a href="#summary">back to summary</a></p><h3 id="m2">tests.LoginPageTest#getErrors</h3><table class="result"><tr class="param"><th>Parameter #1</th><th>Parameter #2</th></tr><tr class="param stripe"><td></td><td></td></tr></table><p class="totop"><a href="#summary">back to summary</a></p><h3 id="m3">tests.LoginPageTest#getErrors</h3><table class="result"><tr class="param"><th>Parameter #1</th><th>Parameter #2</th></tr><tr class="param stripe"><td></td><td>password</td></tr></table><p class="totop"><a href="#summary">back to summary</a></p><h3 id="m4">tests.LoginPageTest#getErrors</h3><table class="result"><tr class="param"><th>Parameter #1</th><th>Parameter #2</th></tr><tr class="param stripe"><td>kusiwa@</td><td>password</td></tr></table><p class="totop"><a href="#summary">back to summary</a></p><h3 id="m5">tests.LoginPageTest#getErrors</h3><table class="result"><tr class="param"><th>Parameter #1</th><th>Parameter #2</th></tr><tr class="param stripe"><td>kusiwa@cmail.club</td><td>pass</td></tr></table><p class="totop"><a href="#summary">back to summary</a></p><h3 id="m6">tests.LoginPageTest#getErrors</h3><table class="result"><tr class="param"><th>Parameter #1</th><th>Parameter #2</th></tr><tr class="param stripe"><td>ku@cmail.club</td><td>password</td></tr></table><p class="totop"><a href="#summary">back to summary</a></p><h3 id="m7">tests.LoginPageTest#getErrors</h3><table class="result"><tr class="param"><th>Parameter #1</th><th>Parameter #2</th></tr><tr class="param stripe"><td>kusiwa@cmail</td><td>password</td></tr></table><p class="totop"><a href="#summary">back to summary</a></p><h3 id="m8">tests.LoginPageTest#logout</h3><table class="result"></table><p class="totop"><a href="#summary">back to summary</a></p><h3 id="m9">tests.LoginPageTest#validLogin</h3><table class="result"></table><p class="totop"><a href="#summary">back to summary</a></p><h2>register</h2><h3 id="m10">tests.RegisterPageTest#assertMyProfile</h3><table class="result"><tr><th>Exception</th></tr><tr><td><div class="stacktrace">org.openqa.selenium.TimeoutException: Expected condition failed: waiting for element to be clickable: Proxy element for: DefaultElementLocator &apos;By.xpath: //header/nav/div[2]/ul[2]/li[2]&apos; (tried for 10 second(s) with 500 MILLISECONDS interval)
	at org.openqa.selenium.support.ui.WebDriverWait.timeoutException(WebDriverWait.java:82)
	at org.openqa.selenium.support.ui.FluentWait.until(FluentWait.java:231)
	at menus.HomeMenu.clickUserIcon(HomeMenu.java:39)
	at menus.HomeMenu.myProfileJs(HomeMenu.java:50)
	at tests.RegisterPageTest.assertMyProfile(RegisterPageTest.java:157)
Caused by: org.openqa.selenium.NoSuchElementException: no such element: Unable to locate element: {&quot;method&quot;:&quot;xpath&quot;,&quot;selector&quot;:&quot;//header/nav/div[2]/ul[2]/li[2]&quot;}
  (Session info: chrome=62.0.3202.94)
  (Driver info: chromedriver=2.29.461591 (62ebf098771772160f391d75e589dc567915b233),platform=Windows NT 10.0.15063 x86_64) (WARNING: The server did not provide any stacktrace information)
Command duration or timeout: 0 milliseconds
For documentation on this error, please visit: http://seleniumhq.org/exceptions/no_such_element.html
Build info: version: &apos;3.7.1&apos;, revision: &apos;8a0099a&apos;, time: &apos;2017-11-06T21:01:39.354Z&apos;
System info: host: &apos;SHUSHIK&apos;, ip: &apos;192.168.0.8&apos;, os.name: &apos;Windows 10&apos;, os.arch: &apos;amd64&apos;, os.version: &apos;10.0&apos;, java.version: &apos;9.0.1&apos;
Driver info: org.openqa.selenium.chrome.ChromeDriver
Capabilities {acceptSslCerts: true, applicationCacheEnabled: false, browserConnectionEnabled: false, browserName: chrome, chrome: {chromedriverVersion: 2.29.461591 (62ebf098771772..., userDataDir: C:\Users\ALEXAN~1\AppData\L...}, cssSelectorsEnabled: true, databaseEnabled: false, handlesAlerts: true, hasTouchScreen: false, javascriptEnabled: true, locationContextEnabled: true, mobileEmulationEnabled: false, nativeEvents: true, networkConnectionEnabled: false, pageLoadStrategy: normal, platform: XP, platformName: XP, rotatable: false, takesHeapSnapshot: true, takesScreenshot: true, unexpectedAlertBehaviour: , unhandledPromptBehavior: , version: 62.0.3202.94, webStorageEnabled: true}
Session ID: 6e07f1ce14c47bfc5f04131b37018888
*** Element info: {Using=xpath, value=//header/nav/div[2]/ul[2]/li[2]}
	at org.openqa.selenium.remote.ErrorHandler.createThrowable(ErrorHandler.java:214)
	at org.openqa.selenium.remote.ErrorHandler.throwIfResponseFailed(ErrorHandler.java:166)
	at org.openqa.selenium.remote.http.JsonHttpResponseCodec.reconstructValue(JsonHttpResponseCodec.java:40)
	at org.openqa.selenium.remote.http.AbstractHttpResponseCodec.decode(AbstractHttpResponseCodec.java:80)
	at org.openqa.selenium.remote.http.AbstractHttpResponseCodec.decode(AbstractHttpResponseCodec.java:44)
	at org.openqa.selenium.remote.HttpCommandExecutor.execute(HttpCommandExecutor.java:164)
	at org.openqa.selenium.remote.service.DriverCommandExecutor.execute(DriverCommandExecutor.java:83)
	at org.openqa.selenium.remote.RemoteWebDriver.execute(RemoteWebDriver.java:600)
	at org.openqa.selenium.remote.RemoteWebDriver.findElement(RemoteWebDriver.java:370)
	at org.openqa.selenium.remote.RemoteWebDriver.findElementByXPath(RemoteWebDriver.java:472)
	at org.openqa.selenium.By$ByXPath.findElement(By.java:361)
	at org.openqa.selenium.remote.RemoteWebDriver.findElement(RemoteWebDriver.java:362)
	at org.openqa.selenium.support.pagefactory.DefaultElementLocator.findElement(DefaultElementLocator.java:69)
	at org.openqa.selenium.support.pagefactory.internal.LocatingElementHandler.invoke(LocatingElementHandler.java:38)
	at com.sun.proxy.$Proxy13.isDisplayed(Unknown Source)
	at org.openqa.selenium.support.ui.ExpectedConditions.elementIfVisible(ExpectedConditions.java:301)
	at org.openqa.selenium.support.ui.ExpectedConditions.access$100(ExpectedConditions.java:43)
	at org.openqa.selenium.support.ui.ExpectedConditions$10.apply(ExpectedConditions.java:287)
	at org.openqa.selenium.support.ui.ExpectedConditions$10.apply(ExpectedConditions.java:284)
	at org.openqa.selenium.support.ui.ExpectedConditions$23.apply(ExpectedConditions.java:672)
	at org.openqa.selenium.support.ui.ExpectedConditions$23.apply(ExpectedConditions.java:668)
	at org.openqa.selenium.support.ui.FluentWait.until(FluentWait.java:208)
	... 27 more
... Removed 28 stack frames</div></td></tr></table><p class="totop"><a href="#summary">back to summary</a></p><h3 id="m11">tests.RegisterPageTest#checkEmailError</h3><table class="result"><tr class="param"><th>Parameter #1</th></tr><tr class="param stripe"><td>email@-domain.com</td></tr><tr><th>Exception</th></tr><tr><td><div class="stacktrace">org.openqa.selenium.TimeoutException: Expected condition failed: waiting for visibility of [[ChromeDriver: chrome on XP (6e07f1ce14c47bfc5f04131b37018888)] -&gt; xpath: //*[@id=&apos;registerForm&apos;]/div[2]/div[1]/div[1]/div[4]/div/span[3]] (tried for 10 second(s) with 500 MILLISECONDS interval)
Build info: version: &apos;3.7.1&apos;, revision: &apos;8a0099a&apos;, time: &apos;2017-11-06T21:01:39.354Z&apos;
System info: host: &apos;SHUSHIK&apos;, ip: &apos;192.168.0.8&apos;, os.name: &apos;Windows 10&apos;, os.arch: &apos;amd64&apos;, os.version: &apos;10.0&apos;, java.version: &apos;9.0.1&apos;
Driver info: org.openqa.selenium.chrome.ChromeDriver
Capabilities {acceptSslCerts: true, applicationCacheEnabled: false, browserConnectionEnabled: false, browserName: chrome, chrome: {chromedriverVersion: 2.29.461591 (62ebf098771772..., userDataDir: C:\Users\ALEXAN~1\AppData\L...}, cssSelectorsEnabled: true, databaseEnabled: false, handlesAlerts: true, hasTouchScreen: false, javascriptEnabled: true, locationContextEnabled: true, mobileEmulationEnabled: false, nativeEvents: true, networkConnectionEnabled: false, pageLoadStrategy: normal, platform: XP, platformName: XP, rotatable: false, takesHeapSnapshot: true, takesScreenshot: true, unexpectedAlertBehaviour: , unhandledPromptBehavior: , version: 62.0.3202.94, webStorageEnabled: true}
Session ID: 6e07f1ce14c47bfc5f04131b37018888
	at org.openqa.selenium.support.ui.WebDriverWait.timeoutException(WebDriverWait.java:82)
	at org.openqa.selenium.support.ui.FluentWait.until(FluentWait.java:231)
	at pages.RegisterPage.getEmailError(RegisterPage.java:80)
	at tests.RegisterPageTest.checkEmailError(RegisterPageTest.java:104)
... Removed 24 stack frames</div></td></tr></table><p class="totop"><a href="#summary">back to summary</a></p><h3 id="m12">tests.RegisterPageTest#checkEmailError</h3><table class="result"><tr class="param"><th>Parameter #1</th></tr><tr class="param stripe"><td>email@domain.web</td></tr><tr><th>Exception</th></tr><tr><td><div class="stacktrace">org.openqa.selenium.TimeoutException: Expected condition failed: waiting for visibility of [[ChromeDriver: chrome on XP (6e07f1ce14c47bfc5f04131b37018888)] -&gt; xpath: //*[@id=&apos;registerForm&apos;]/div[2]/div[1]/div[1]/div[4]/div/span[3]] (tried for 10 second(s) with 500 MILLISECONDS interval)
Build info: version: &apos;3.7.1&apos;, revision: &apos;8a0099a&apos;, time: &apos;2017-11-06T21:01:39.354Z&apos;
System info: host: &apos;SHUSHIK&apos;, ip: &apos;192.168.0.8&apos;, os.name: &apos;Windows 10&apos;, os.arch: &apos;amd64&apos;, os.version: &apos;10.0&apos;, java.version: &apos;9.0.1&apos;
Driver info: org.openqa.selenium.chrome.ChromeDriver
Capabilities {acceptSslCerts: true, applicationCacheEnabled: false, browserConnectionEnabled: false, browserName: chrome, chrome: {chromedriverVersion: 2.29.461591 (62ebf098771772..., userDataDir: C:\Users\ALEXAN~1\AppData\L...}, cssSelectorsEnabled: true, databaseEnabled: false, handlesAlerts: true, hasTouchScreen: false, javascriptEnabled: true, locationContextEnabled: true, mobileEmulationEnabled: false, nativeEvents: true, networkConnectionEnabled: false, pageLoadStrategy: normal, platform: XP, platformName: XP, rotatable: false, takesHeapSnapshot: true, takesScreenshot: true, unexpectedAlertBehaviour: , unhandledPromptBehavior: , version: 62.0.3202.94, webStorageEnabled: true}
Session ID: 6e07f1ce14c47bfc5f04131b37018888
	at org.openqa.selenium.support.ui.WebDriverWait.timeoutException(WebDriverWait.java:82)
	at org.openqa.selenium.support.ui.FluentWait.until(FluentWait.java:231)
	at pages.RegisterPage.getEmailError(RegisterPage.java:80)
	at tests.RegisterPageTest.checkEmailError(RegisterPageTest.java:104)
... Removed 24 stack frames</div></td></tr></table><p class="totop"><a href="#summary">back to summary</a></p><h3 id="m13">tests.RegisterPageTest#checkEmailError</h3><table class="result"><tr class="param"><th>Parameter #1</th></tr><tr class="param stripe"><td>あいうえお@domain.com</td></tr><tr><th>Exception</th></tr><tr><td><div class="stacktrace">org.openqa.selenium.TimeoutException: Expected condition failed: waiting for visibility of [[ChromeDriver: chrome on XP (6e07f1ce14c47bfc5f04131b37018888)] -&gt; xpath: //*[@id=&apos;registerForm&apos;]/div[2]/div[1]/div[1]/div[4]/div/span[3]] (tried for 10 second(s) with 500 MILLISECONDS interval)
Build info: version: &apos;3.7.1&apos;, revision: &apos;8a0099a&apos;, time: &apos;2017-11-06T21:01:39.354Z&apos;
System info: host: &apos;SHUSHIK&apos;, ip: &apos;192.168.0.8&apos;, os.name: &apos;Windows 10&apos;, os.arch: &apos;amd64&apos;, os.version: &apos;10.0&apos;, java.version: &apos;9.0.1&apos;
Driver info: org.openqa.selenium.chrome.ChromeDriver
Capabilities {acceptSslCerts: true, applicationCacheEnabled: false, browserConnectionEnabled: false, browserName: chrome, chrome: {chromedriverVersion: 2.29.461591 (62ebf098771772..., userDataDir: C:\Users\ALEXAN~1\AppData\L...}, cssSelectorsEnabled: true, databaseEnabled: false, handlesAlerts: true, hasTouchScreen: false, javascriptEnabled: true, locationContextEnabled: true, mobileEmulationEnabled: false, nativeEvents: true, networkConnectionEnabled: false, pageLoadStrategy: normal, platform: XP, platformName: XP, rotatable: false, takesHeapSnapshot: true, takesScreenshot: true, unexpectedAlertBehaviour: , unhandledPromptBehavior: , version: 62.0.3202.94, webStorageEnabled: true}
Session ID: 6e07f1ce14c47bfc5f04131b37018888
	at org.openqa.selenium.support.ui.WebDriverWait.timeoutException(WebDriverWait.java:82)
	at org.openqa.selenium.support.ui.FluentWait.until(FluentWait.java:231)
	at pages.RegisterPage.getEmailError(RegisterPage.java:80)
	at tests.RegisterPageTest.checkEmailError(RegisterPageTest.java:104)
... Removed 24 stack frames</div></td></tr></table><p class="totop"><a href="#summary">back to summary</a></p><h3 id="m14">tests.RegisterPageTest#checkEmailWelcomeMessage</h3><table class="result"><tr><th>Exception</th></tr><tr><td><div class="stacktrace">org.openqa.selenium.TimeoutException: Expected condition failed: waiting for visibility of Proxy element for: DefaultElementLocator &apos;By.xpath: //*[@id=&apos;body&apos;]//span[2]&apos; (tried for 5 second(s) with 500 MILLISECONDS interval)
	at org.openqa.selenium.support.ui.WebDriverWait.timeoutException(WebDriverWait.java:82)
	at org.openqa.selenium.support.ui.FluentWait.until(FluentWait.java:231)
	at data.NadaPage.getWelcomeMessage(NadaPage.java:57)
	at tests.RegisterPageTest.checkEmailWelcomeMessage(RegisterPageTest.java:142)
Caused by: org.openqa.selenium.NoSuchElementException: no such element: Unable to locate element: {&quot;method&quot;:&quot;xpath&quot;,&quot;selector&quot;:&quot;//*[@id=&apos;body&apos;]//span[2]&quot;}
  (Session info: chrome=62.0.3202.94)
  (Driver info: chromedriver=2.29.461591 (62ebf098771772160f391d75e589dc567915b233),platform=Windows NT 10.0.15063 x86_64) (WARNING: The server did not provide any stacktrace information)
Command duration or timeout: 0 milliseconds
For documentation on this error, please visit: http://seleniumhq.org/exceptions/no_such_element.html
Build info: version: &apos;3.7.1&apos;, revision: &apos;8a0099a&apos;, time: &apos;2017-11-06T21:01:39.354Z&apos;
System info: host: &apos;SHUSHIK&apos;, ip: &apos;192.168.0.8&apos;, os.name: &apos;Windows 10&apos;, os.arch: &apos;amd64&apos;, os.version: &apos;10.0&apos;, java.version: &apos;9.0.1&apos;
Driver info: org.openqa.selenium.chrome.ChromeDriver
Capabilities {acceptSslCerts: true, applicationCacheEnabled: false, browserConnectionEnabled: false, browserName: chrome, chrome: {chromedriverVersion: 2.29.461591 (62ebf098771772..., userDataDir: C:\Users\ALEXAN~1\AppData\L...}, cssSelectorsEnabled: true, databaseEnabled: false, handlesAlerts: true, hasTouchScreen: false, javascriptEnabled: true, locationContextEnabled: true, mobileEmulationEnabled: false, nativeEvents: true, networkConnectionEnabled: false, pageLoadStrategy: normal, platform: XP, platformName: XP, rotatable: false, takesHeapSnapshot: true, takesScreenshot: true, unexpectedAlertBehaviour: , unhandledPromptBehavior: , version: 62.0.3202.94, webStorageEnabled: true}
Session ID: 6e07f1ce14c47bfc5f04131b37018888
*** Element info: {Using=xpath, value=//*[@id=&apos;body&apos;]//span[2]}
	at org.openqa.selenium.remote.ErrorHandler.createThrowable(ErrorHandler.java:214)
	at org.openqa.selenium.remote.ErrorHandler.throwIfResponseFailed(ErrorHandler.java:166)
	at org.openqa.selenium.remote.http.JsonHttpResponseCodec.reconstructValue(JsonHttpResponseCodec.java:40)
	at org.openqa.selenium.remote.http.AbstractHttpResponseCodec.decode(AbstractHttpResponseCodec.java:80)
	at org.openqa.selenium.remote.http.AbstractHttpResponseCodec.decode(AbstractHttpResponseCodec.java:44)
	at org.openqa.selenium.remote.HttpCommandExecutor.execute(HttpCommandExecutor.java:164)
	at org.openqa.selenium.remote.service.DriverCommandExecutor.execute(DriverCommandExecutor.java:83)
	at org.openqa.selenium.remote.RemoteWebDriver.execute(RemoteWebDriver.java:600)
	at org.openqa.selenium.remote.RemoteWebDriver.findElement(RemoteWebDriver.java:370)
	at org.openqa.selenium.remote.RemoteWebDriver.findElementByXPath(RemoteWebDriver.java:472)
	at org.openqa.selenium.By$ByXPath.findElement(By.java:361)
	at org.openqa.selenium.remote.RemoteWebDriver.findElement(RemoteWebDriver.java:362)
	at org.openqa.selenium.support.pagefactory.DefaultElementLocator.findElement(DefaultElementLocator.java:69)
	at org.openqa.selenium.support.pagefactory.internal.LocatingElementHandler.invoke(LocatingElementHandler.java:38)
	at com.sun.proxy.$Proxy13.isDisplayed(Unknown Source)
	at org.openqa.selenium.support.ui.ExpectedConditions.elementIfVisible(ExpectedConditions.java:301)
	at org.openqa.selenium.support.ui.ExpectedConditions.access$100(ExpectedConditions.java:43)
	at org.openqa.selenium.support.ui.ExpectedConditions$10.apply(ExpectedConditions.java:287)
	at org.openqa.selenium.support.ui.ExpectedConditions$10.apply(ExpectedConditions.java:284)
	at org.openqa.selenium.support.ui.FluentWait.until(FluentWait.java:208)
	... 26 more
... Removed 28 stack frames</div></td></tr></table><p class="totop"><a href="#summary">back to summary</a></p><h3 id="m15">tests.RegisterPageTest#registerNewUser</h3><table class="result"><tr><th>Exception</th></tr><tr><td><div class="stacktrace">org.openqa.selenium.TimeoutException: Expected condition failed: waiting for visibility of Proxy element for: DefaultElementLocator &apos;By.name: email&apos; (tried for 10 second(s) with 500 MILLISECONDS interval)
	at org.openqa.selenium.support.ui.WebDriverWait.timeoutException(WebDriverWait.java:82)
	at org.openqa.selenium.support.ui.FluentWait.until(FluentWait.java:231)
	at pages.LoginPage.enterUsername(LoginPage.java:47)
	at pages.LoginPage.submitLogin(LoginPage.java:68)
	at tests.RegisterPageTest.registerNewUser(RegisterPageTest.java:126)
Caused by: org.openqa.selenium.NoSuchElementException: no such element: Unable to locate element: {&quot;method&quot;:&quot;name&quot;,&quot;selector&quot;:&quot;email&quot;}
  (Session info: chrome=62.0.3202.94)
  (Driver info: chromedriver=2.29.461591 (62ebf098771772160f391d75e589dc567915b233),platform=Windows NT 10.0.15063 x86_64) (WARNING: The server did not provide any stacktrace information)
Command duration or timeout: 0 milliseconds
For documentation on this error, please visit: http://seleniumhq.org/exceptions/no_such_element.html
Build info: version: &apos;3.7.1&apos;, revision: &apos;8a0099a&apos;, time: &apos;2017-11-06T21:01:39.354Z&apos;
System info: host: &apos;SHUSHIK&apos;, ip: &apos;192.168.0.8&apos;, os.name: &apos;Windows 10&apos;, os.arch: &apos;amd64&apos;, os.version: &apos;10.0&apos;, java.version: &apos;9.0.1&apos;
Driver info: org.openqa.selenium.chrome.ChromeDriver
Capabilities {acceptSslCerts: true, applicationCacheEnabled: false, browserConnectionEnabled: false, browserName: chrome, chrome: {chromedriverVersion: 2.29.461591 (62ebf098771772..., userDataDir: C:\Users\ALEXAN~1\AppData\L...}, cssSelectorsEnabled: true, databaseEnabled: false, handlesAlerts: true, hasTouchScreen: false, javascriptEnabled: true, locationContextEnabled: true, mobileEmulationEnabled: false, nativeEvents: true, networkConnectionEnabled: false, pageLoadStrategy: normal, platform: XP, platformName: XP, rotatable: false, takesHeapSnapshot: true, takesScreenshot: true, unexpectedAlertBehaviour: , unhandledPromptBehavior: , version: 62.0.3202.94, webStorageEnabled: true}
Session ID: 6e07f1ce14c47bfc5f04131b37018888
*** Element info: {Using=name, value=email}
	at org.openqa.selenium.remote.ErrorHandler.createThrowable(ErrorHandler.java:214)
	at org.openqa.selenium.remote.ErrorHandler.throwIfResponseFailed(ErrorHandler.java:166)
	at org.openqa.selenium.remote.http.JsonHttpResponseCodec.reconstructValue(JsonHttpResponseCodec.java:40)
	at org.openqa.selenium.remote.http.AbstractHttpResponseCodec.decode(AbstractHttpResponseCodec.java:80)
	at org.openqa.selenium.remote.http.AbstractHttpResponseCodec.decode(AbstractHttpResponseCodec.java:44)
	at org.openqa.selenium.remote.HttpCommandExecutor.execute(HttpCommandExecutor.java:164)
	at org.openqa.selenium.remote.service.DriverCommandExecutor.execute(DriverCommandExecutor.java:83)
	at org.openqa.selenium.remote.RemoteWebDriver.execute(RemoteWebDriver.java:600)
	at org.openqa.selenium.remote.RemoteWebDriver.findElement(RemoteWebDriver.java:370)
	at org.openqa.selenium.remote.RemoteWebDriver.findElementByName(RemoteWebDriver.java:448)
	at org.openqa.selenium.By$ByName.findElement(By.java:303)
	at org.openqa.selenium.remote.RemoteWebDriver.findElement(RemoteWebDriver.java:362)
	at org.openqa.selenium.support.pagefactory.DefaultElementLocator.findElement(DefaultElementLocator.java:69)
	at org.openqa.selenium.support.pagefactory.internal.LocatingElementHandler.invoke(LocatingElementHandler.java:38)
	at com.sun.proxy.$Proxy13.isDisplayed(Unknown Source)
	at org.openqa.selenium.support.ui.ExpectedConditions.elementIfVisible(ExpectedConditions.java:301)
	at org.openqa.selenium.support.ui.ExpectedConditions.access$100(ExpectedConditions.java:43)
	at org.openqa.selenium.support.ui.ExpectedConditions$10.apply(ExpectedConditions.java:287)
	at org.openqa.selenium.support.ui.ExpectedConditions$10.apply(ExpectedConditions.java:284)
	at org.openqa.selenium.support.ui.FluentWait.until(FluentWait.java:208)
	... 27 more
... Removed 28 stack frames</div></td></tr></table><p class="totop"><a href="#summary">back to summary</a></p><h3 id="m16">tests.RegisterPageTest#checkEmailError</h3><table class="result"><tr class="param"><th>Parameter #1</th></tr><tr class="param stripe"><td>email@domain..com</td></tr></table><p class="totop"><a href="#summary">back to summary</a></p><h3 id="m17">tests.RegisterPageTest#checkEmailError</h3><table class="result"><tr class="param"><th>Parameter #1</th></tr><tr class="param stripe"><td>#@%^%#$@#$@#.com</td></tr></table><p class="totop"><a href="#summary">back to summary</a></p><h3 id="m18">tests.RegisterPageTest#checkEmailError</h3><table class="result"><tr class="param"><th>Parameter #1</th></tr><tr class="param stripe"><td>email.domain.com</td></tr></table><p class="totop"><a href="#summary">back to summary</a></p><h3 id="m19">tests.RegisterPageTest#checkEmailError</h3><table class="result"><tr class="param"><th>Parameter #1</th></tr><tr class="param stripe"><td>@domain.com</td></tr></table><p class="totop"><a href="#summary">back to summary</a></p><h3 id="m20">tests.RegisterPageTest#checkEmailError</h3><table class="result"><tr class="param"><th>Parameter #1</th></tr><tr class="param stripe"><td>Joe Smith &lt;email@domain.com&gt;</td></tr></table><p class="totop"><a href="#summary">back to summary</a></p><h3 id="m21">tests.RegisterPageTest#checkEmailError</h3><table class="result"><tr class="param"><th>Parameter #1</th></tr><tr class="param stripe"><td>email.@domain.com</td></tr></table><p class="totop"><a href="#summary">back to summary</a></p><h3 id="m22">tests.RegisterPageTest#checkEmailError</h3><table class="result"><tr class="param"><th>Parameter #1</th></tr><tr class="param stripe"><td>email@111.222.333.44444</td></tr></table><p class="totop"><a href="#summary">back to summary</a></p><h3 id="m23">tests.RegisterPageTest#checkEmailError</h3><table class="result"><tr class="param"><th>Parameter #1</th></tr><tr class="param stripe"><td>email@domain@domain.com</td></tr></table><p class="totop"><a href="#summary">back to summary</a></p><h3 id="m24">tests.RegisterPageTest#checkEmailError</h3><table class="result"><tr class="param"><th>Parameter #1</th></tr><tr class="param stripe"><td>.email@domain.com</td></tr></table><p class="totop"><a href="#summary">back to summary</a></p><h3 id="m25">tests.RegisterPageTest#checkEmailError</h3><table class="result"><tr class="param"><th>Parameter #1</th></tr><tr class="param stripe"><td>plainaddress</td></tr></table><p class="totop"><a href="#summary">back to summary</a></p><h3 id="m26">tests.RegisterPageTest#checkEmailError</h3><table class="result"><tr class="param"><th>Parameter #1</th></tr><tr class="param stripe"><td>email..email@domain.com</td></tr></table><p class="totop"><a href="#summary">back to summary</a></p><h3 id="m27">tests.RegisterPageTest#checkEmailError</h3><table class="result"><tr class="param"><th>Parameter #1</th></tr><tr class="param stripe"><td>email@domain.com (Joe Smith)</td></tr></table><p class="totop"><a href="#summary">back to summary</a></p><h3 id="m28">tests.RegisterPageTest#checkEmailError</h3><table class="result"><tr class="param"><th>Parameter #1</th></tr><tr class="param stripe"><td>email@domain</td></tr></table><p class="totop"><a href="#summary">back to summary</a></p><h3 id="m29">tests.RegisterPageTest#checkLogo</h3><table class="result"></table><p class="totop"><a href="#summary">back to summary</a></p><h3 id="m30">tests.RegisterPageTest#gotoRegister</h3><table class="result"></table><p class="totop"><a href="#summary">back to summary</a></p><h2>new user</h2><h3 id="m31">tests.CategoryPageTest#checkLogo</h3><table class="result"></table><p class="totop"><a href="#summary">back to summary</a></p><h3 id="m32">tests.CategoryPageTest#getError</h3><table class="result"></table><p class="totop"><a href="#summary">back to summary</a></p><h3 id="m33">tests.CategoryPageTest#selectCategory1</h3><table class="result"><tr class="param"><th>Parameter #1</th></tr><tr class="param stripe"><td>Psychic/Intuitive/Predictive</td></tr></table><p class="totop"><a href="#summary">back to summary</a></p><h3 id="m34">tests.CategoryPageTest#selectCategory1</h3><table class="result"><tr class="param"><th>Parameter #1</th></tr><tr class="param stripe"><td>Software Programming</td></tr></table><p class="totop"><a href="#summary">back to summary</a></p><h3 id="m35">tests.CategoryPageTest#selectCategory1</h3><table class="result"><tr class="param"><th>Parameter #1</th></tr><tr class="param stripe"><td>Architecture</td></tr></table><p class="totop"><a href="#summary">back to summary</a></p><h3 id="m36">tests.CategoryPageTest#validLogin</h3><table class="result"></table><p class="totop"><a href="#summary">back to summary</a></p><h2>personal</h2><h3 id="m37">tests.PersonalPageTest#enterInvalidEmail</h3><table class="result"><tr><th>Exception</th></tr><tr><td><div class="stacktrace">java.lang.AssertionError: invalid email error message is not displayed expected [null] but found [Please enter a valid email address.]
	at tests.PersonalPageTest.enterInvalidEmail(PersonalPageTest.java:118)
... Removed 29 stack frames</div></td></tr></table><p class="totop"><a href="#summary">back to summary</a></p><h3 id="m38">tests.PersonalPageTest#insertInformation</h3><table class="result"><tr class="param"><th>Parameter #1</th><th>Parameter #2</th><th>Parameter #3</th><th>Parameter #4</th><th>Parameter #5</th><th>Parameter #6</th><th>Parameter #7</th><th>Parameter #8</th><th>Parameter #9</th><th>Parameter #10</th><th>Parameter #11</th><th>Parameter #12</th><th>Parameter #13</th><th>Parameter #14</th><th>Parameter #15</th><th>Parameter #16</th><th>Parameter #17</th></tr><tr class="param stripe"><td>1</td><td>PPmutEh</td><td></td><td>kgw</td><td>11/21/1998</td><td>Sftb</td><td>United Kingdom</td><td>61 ZrxSPWhAI uYE.</td><td>bFM.5095</td><td>rKyQCAgnX</td><td>MN</td><td>70288</td><td>yfsxgclqr@cmail.club</td><td>(556) 760-7905</td><td>Google</td><td>084</td><td>068.05</td></tr><tr><th colspan="17">Exception</th></tr><tr><td colspan="17"><div class="stacktrace">java.lang.AssertionError: 84 not equals 084 expected [true] but found [false]
	at tests.PersonalPageTest.insertInformation(PersonalPageTest.java:259)
... Removed 27 stack frames</div></td></tr></table><p class="totop"><a href="#summary">back to summary</a></p><h3 id="m39">tests.PersonalPageTest#insertInformation</h3><table class="result"><tr class="param"><th>Parameter #1</th><th>Parameter #2</th><th>Parameter #3</th><th>Parameter #4</th><th>Parameter #5</th><th>Parameter #6</th><th>Parameter #7</th><th>Parameter #8</th><th>Parameter #9</th><th>Parameter #10</th><th>Parameter #11</th><th>Parameter #12</th><th>Parameter #13</th><th>Parameter #14</th><th>Parameter #15</th><th>Parameter #16</th><th>Parameter #17</th></tr><tr class="param stripe"><td>2</td><td>GA</td><td>CfGkD</td><td>OPpTsbTMWO</td><td>11/21/1998</td><td>Euds</td><td>Russia</td><td>3853 VWrO Sc.</td><td></td><td>nrVxriK</td><td>AF</td><td>96769</td><td>mux99ppo@cmail.club</td><td>(860) 480-9070</td><td>Facebook</td><td>32</td><td>8</td></tr><tr><th colspan="17">Exception</th></tr><tr><td colspan="17"><div class="stacktrace">org.openqa.selenium.TimeoutException: Expected condition failed: waiting for visibility of all [] (tried for 10 second(s) with 500 MILLISECONDS interval)
Build info: version: &apos;3.7.1&apos;, revision: &apos;8a0099a&apos;, time: &apos;2017-11-06T21:01:39.354Z&apos;
System info: host: &apos;SHUSHIK&apos;, ip: &apos;192.168.0.8&apos;, os.name: &apos;Windows 10&apos;, os.arch: &apos;amd64&apos;, os.version: &apos;10.0&apos;, java.version: &apos;9.0.1&apos;
Driver info: org.openqa.selenium.chrome.ChromeDriver
Capabilities {acceptSslCerts: true, applicationCacheEnabled: false, browserConnectionEnabled: false, browserName: chrome, chrome: {chromedriverVersion: 2.29.461591 (62ebf098771772..., userDataDir: C:\Users\ALEXAN~1\AppData\L...}, cssSelectorsEnabled: true, databaseEnabled: false, handlesAlerts: true, hasTouchScreen: false, javascriptEnabled: true, locationContextEnabled: true, mobileEmulationEnabled: false, nativeEvents: true, networkConnectionEnabled: false, pageLoadStrategy: normal, platform: XP, platformName: XP, rotatable: false, takesHeapSnapshot: true, takesScreenshot: true, unexpectedAlertBehaviour: , unhandledPromptBehavior: , version: 62.0.3202.94, webStorageEnabled: true}
Session ID: 456f58eba9bb020633ac084eb8a501d5
	at org.openqa.selenium.support.ui.WebDriverWait.timeoutException(WebDriverWait.java:82)
	at org.openqa.selenium.support.ui.FluentWait.until(FluentWait.java:231)
	at pages.TalentsPage.clickEdit(TalentsPage.java:158)
	at tests.PersonalPageTest.insertInformation(PersonalPageTest.java:177)
... Removed 24 stack frames</div></td></tr></table><p class="totop"><a href="#summary">back to summary</a></p><h3 id="m40">tests.PersonalPageTest#checkLogo</h3><table class="result"></table><p class="totop"><a href="#summary">back to summary</a></p><h3 id="m41">tests.PersonalPageTest#enterInvalidPhone</h3><table class="result"></table><p class="totop"><a href="#summary">back to summary</a></p><h3 id="m42">tests.PersonalPageTest#enterLongFirstName</h3><table class="result"></table><p class="totop"><a href="#summary">back to summary</a></p><h3 id="m43">tests.PersonalPageTest#getIncorrectFileType</h3><table class="result"></table><p class="totop"><a href="#summary">back to summary</a></p><h3 id="m44">tests.PersonalPageTest#getPlaceBirthError</h3><table class="result"></table><p class="totop"><a href="#summary">back to summary</a></p><h3 id="m45">tests.PersonalPageTest#goPersonal</h3><table class="result"></table><p class="totop"><a href="#summary">back to summary</a></p><h3 id="m46">tests.PersonalPageTest#insertInformation</h3><table class="result"><tr class="param"><th>Parameter #1</th><th>Parameter #2</th><th>Parameter #3</th><th>Parameter #4</th><th>Parameter #5</th><th>Parameter #6</th><th>Parameter #7</th><th>Parameter #8</th><th>Parameter #9</th><th>Parameter #10</th><th>Parameter #11</th><th>Parameter #12</th><th>Parameter #13</th><th>Parameter #14</th><th>Parameter #15</th><th>Parameter #16</th><th>Parameter #17</th></tr><tr class="param stripe"><td>0</td><td>XEZ</td><td>Zt</td><td>aWViAg</td><td>11/21/1998</td><td>aNQYucAyRn</td><td>Kazakhstan</td><td>4186 kpTm kH.</td><td>plJ.5143</td><td>zDZ LxAIVL</td><td>SC</td><td>96957</td><td>txxjkt@cmail.club</td><td>(416) 101-3699</td><td>Linkedin</td><td>782</td><td>917</td></tr></table><p class="totop"><a href="#summary">back to summary</a></p><h3 id="m47">tests.PersonalPageTest#insertInvalidHeight</h3><table class="result"></table><p class="totop"><a href="#summary">back to summary</a></p><h3 id="m48">tests.PersonalPageTest#insertInvalidWeight</h3><table class="result"></table><p class="totop"><a href="#summary">back to summary</a></p><h3 id="m49">tests.PersonalPageTest#validLogin</h3><table class="result"></table><p class="totop"><a href="#summary">back to summary</a></p><h2>talentTraits</h2><h3 id="m50">tests.TalentTraitsPageTest#goTalentTraits</h3><table class="result"><tr><th>Exception</th></tr><tr><td><div class="stacktrace">org.openqa.selenium.TimeoutException: Expected condition failed: waiting for class to be &quot;ng-scope active&quot;. Current class: &quot;active ng-binding ng-scope&quot; (tried for 10 second(s) with 500 MILLISECONDS interval)
Build info: version: &apos;3.7.1&apos;, revision: &apos;8a0099a&apos;, time: &apos;2017-11-06T21:01:39.354Z&apos;
System info: host: &apos;SHUSHIK&apos;, ip: &apos;192.168.0.8&apos;, os.name: &apos;Windows 10&apos;, os.arch: &apos;amd64&apos;, os.version: &apos;10.0&apos;, java.version: &apos;9.0.1&apos;
Driver info: org.openqa.selenium.chrome.ChromeDriver
Capabilities {acceptSslCerts: true, applicationCacheEnabled: false, browserConnectionEnabled: false, browserName: chrome, chrome: {chromedriverVersion: 2.29.461591 (62ebf098771772..., userDataDir: C:\Users\ALEXAN~1\AppData\L...}, cssSelectorsEnabled: true, databaseEnabled: false, handlesAlerts: true, hasTouchScreen: false, javascriptEnabled: true, locationContextEnabled: true, mobileEmulationEnabled: false, nativeEvents: true, networkConnectionEnabled: false, pageLoadStrategy: normal, platform: XP, platformName: XP, rotatable: false, takesHeapSnapshot: true, takesScreenshot: true, unexpectedAlertBehaviour: , unhandledPromptBehavior: , version: 62.0.3202.94, webStorageEnabled: true}
Session ID: 878542766059b1ca79a1058923208856
	at org.openqa.selenium.support.ui.WebDriverWait.timeoutException(WebDriverWait.java:82)
	at org.openqa.selenium.support.ui.FluentWait.until(FluentWait.java:231)
	at menus.TalentMenu.getActiveTabTalentTraits(TalentMenu.java:155)
	at tests.TalentTraitsPageTest.goTalentTraits(TalentTraitsPageTest.java:29)
... Removed 24 stack frames</div></td></tr></table><p class="totop"><a href="#summary">back to summary</a></p><h3 id="m51">tests.TalentTraitsPageTest#insertScales</h3><table class="result"><tr><th>Exception</th></tr><tr><td><div class="stacktrace">java.lang.ArrayIndexOutOfBoundsException: 20
	at tests.TalentTraitsPageTest.insertScales(TalentTraitsPageTest.java:95)
... Removed 24 stack frames</div></td></tr></table><p class="totop"><a href="#summary">back to summary</a></p><h3 id="m52">tests.TalentTraitsPageTest#checkLogo</h3><table class="result"></table><p class="totop"><a href="#summary">back to summary</a></p><h3 id="m53">tests.TalentTraitsPageTest#getEmptyErrors</h3><table class="result"></table><p class="totop"><a href="#summary">back to summary</a></p><h3 id="m54">tests.TalentTraitsPageTest#insert0</h3><table class="result"></table><p class="totop"><a href="#summary">back to summary</a></p><h3 id="m55">tests.TalentTraitsPageTest#insert11</h3><table class="result"></table><p class="totop"><a href="#summary">back to summary</a></p><h3 id="m56">tests.TalentTraitsPageTest#validLogin</h3><table class="result"></table><p class="totop"><a href="#summary">back to summary</a></p></body></html>