<?xml version="1.0" encoding="UTF-8" ?>
<testsuite tests="103" failures="1" name="TestSuite" time="577.272" errors="0" skipped="102">
  <properties>
    <property name="java.runtime.name" value="Java(TM) SE Runtime Environment"/>
    <property name="java.vm.version" value="9.0.1+11"/>
    <property name="sun.boot.library.path" value="C:\Program Files\Java\jdk-9.0.1\bin"/>
    <property name="maven.multiModuleProjectDirectory" value="C:\Program Files (x86)\Jenkins\workspace\promytheus"/>
    <property name="java.vm.vendor" value="Oracle Corporation"/>
    <property name="java.vendor.url" value="http://java.oracle.com/"/>
    <property name="guice.disable.misplaced.annotation.check" value="true"/>
    <property name="path.separator" value=";"/>
    <property name="java.vm.name" value="Java HotSpot(TM) 64-Bit Server VM"/>
    <property name="file.encoding.pkg" value="sun.io"/>
    <property name="sun.os.patch.level" value=""/>
    <property name="user.script" value=""/>
    <property name="user.country" value="US"/>
    <property name="sun.java.launcher" value="SUN_STANDARD"/>
    <property name="java.vm.specification.name" value="Java Virtual Machine Specification"/>
    <property name="user.dir" value="C:\Program Files (x86)\Jenkins\workspace\promytheus"/>
    <property name="java.vm.compressedOopsMode" value="32-bit"/>
    <property name="java.runtime.version" value="9.0.1+11"/>
    <property name="java.awt.graphicsenv" value="sun.awt.Win32GraphicsEnvironment"/>
    <property name="os.arch" value="amd64"/>
    <property name="java.io.tmpdir" value="C:\WINDOWS\TEMP\"/>
    <property name="line.separator" value="
"/>
    <property name="java.vm.specification.vendor" value="Oracle Corporation"/>
    <property name="user.variant" value=""/>
    <property name="os.name" value="Windows 10"/>
    <property name="suiteXmlFile" value="mytestng.xml"/>
    <property name="classworlds.conf" value="C:\Program Files\JetBrains\IntelliJ IDEA Community Edition 2017.2.5\plugins\maven\lib\maven3\bin\..\bin\m2.conf"/>
    <property name="sun.jnu.encoding" value="Cp1252"/>
    <property name="java.library.path" value="C:\Program Files\Java\jdk-9.0.1\bin;C:\WINDOWS\Sun\Java\bin;C:\WINDOWS\system32;C:\WINDOWS;C:\Program Files\Java\jdk-9.0.1/bin;C:\Program Files\Java\jdk-9.0.1/bin;C:\ProgramData\Oracle\Java\javapath;C:\Program Files\Android\Android Studio\bin;C:\Program Files\MySQL\MySQL Server 5.6\bin;C:\app\Shushik\product\12.1.0\dbhome_1\bin;C:\Windows\system32;C:\Windows;C:\Program Files (x86)\OpenSSH\bin;C:\Program Files\TortoiseSVN\bin;C:\WINDOWS\system32;C:\WINDOWS;C:\WINDOWS\System32\Wbem;C:\WINDOWS\System32\WindowsPowerShell\v1.0\;C:\WINDOWS\system32\config\systemprofile\.dnx\bin;C:\Program Files\Microsoft DNX\Dnvm\;C:\Program Files\Git\cmd;C:\Program Files\OpenVPN\bin;C:\Users\Alexandra\System\adt-bundle-windows-x86-20140321\platform-tools;C:\Users\Alexandra\Desktop\selenium\drivers\;C:\Program Files (x86)\Skype\Phone\;C:\Program Files\JetBrains\IntelliJ IDEA Community Edition 2017.2.5\plugins\maven\lib\maven3\bin;C:\WINDOWS\system32\config\systemprofile\AppData\Local\Microsoft\WindowsApps;."/>
    <property name="jdk.debug" value="release"/>
    <property name="java.class.version" value="53.0"/>
    <property name="java.specification.name" value="Java Platform API Specification"/>
    <property name="sun.management.compiler" value="HotSpot 64-Bit Tiered Compilers"/>
    <property name="os.version" value="10.0"/>
    <property name="user.home" value="C:\WINDOWS\system32\config\systemprofile"/>
    <property name="user.timezone" value="America/Los_Angeles"/>
    <property name="java.awt.printerjob" value="sun.awt.windows.WPrinterJob"/>
    <property name="file.encoding" value="Cp1252"/>
    <property name="java.specification.version" value="9"/>
    <property name="user.name" value="SHUSHIK$"/>
    <property name="java.class.path" value="C:\Program Files\JetBrains\IntelliJ IDEA Community Edition 2017.2.5\plugins\maven\lib\maven3\bin\..\boot\plexus-classworlds-2.5.2.jar"/>
    <property name="java.vm.specification.version" value="9"/>
    <property name="sun.arch.data.model" value="64"/>
    <property name="sun.java.command" value="org.codehaus.plexus.classworlds.launcher.Launcher -f C:\Users\Alexandra\IdeaProjects\Promytheus\pom.xml clean test -DsuiteXmlFile=mytestng.xml"/>
    <property name="java.home" value="C:\Program Files\Java\jdk-9.0.1"/>
    <property name="user.language" value="en"/>
    <property name="java.specification.vendor" value="Oracle Corporation"/>
    <property name="awt.toolkit" value="sun.awt.windows.WToolkit"/>
    <property name="java.vm.info" value="mixed mode"/>
    <property name="java.version" value="9.0.1"/>
    <property name="java.vendor" value="Oracle Corporation"/>
    <property name="maven.home" value="C:\Program Files\JetBrains\IntelliJ IDEA Community Edition 2017.2.5\plugins\maven\lib\maven3\bin\.."/>
    <property name="file.separator" value="\"/>
    <property name="java.vendor.url.bug" value="http://bugreport.java.com/bugreport/"/>
    <property name="sun.io.unicode.encoding" value="UnicodeLittle"/>
    <property name="sun.cpu.endian" value="little"/>
    <property name="sun.desktop" value="windows"/>
    <property name="sun.cpu.isalist" value="amd64"/>
  </properties>
  <testcase classname="tests.BaseTest" name="beforeTest" time="2.679">
    <failure message="
Parameter &apos;browser&apos; is required by BeforeTest on method beforeTest but has not been marked @Optional or defined
" type="org.testng.TestNGException">org.testng.TestNGException: 
Parameter &apos;browser&apos; is required by BeforeTest on method beforeTest but has not been marked @Optional or defined

	at org.testng.internal.Parameters.createParameters(Parameters.java:199)
	at org.testng.internal.Parameters.createParameters(Parameters.java:443)
	at org.testng.internal.Parameters.createConfigurationParameters(Parameters.java:118)
	at org.testng.internal.Invoker.invokeConfigurations(Invoker.java:206)
	at org.testng.internal.Invoker.invokeConfigurations(Invoker.java:146)
	at org.testng.TestRunner.beforeRun(TestRunner.java:626)
	at org.testng.TestRunner.run(TestRunner.java:594)
	at org.testng.SuiteRunner.runTest(SuiteRunner.java:380)
	at org.testng.SuiteRunner.runSequentially(SuiteRunner.java:375)
	at org.testng.SuiteRunner.privateRun(SuiteRunner.java:340)
	at org.testng.SuiteRunner.run(SuiteRunner.java:289)
	at org.testng.SuiteRunnerWorker.runSuite(SuiteRunnerWorker.java:52)
	at org.testng.SuiteRunnerWorker.run(SuiteRunnerWorker.java:86)
	at org.testng.TestNG.runSuitesSequentially(TestNG.java:1301)
	at org.testng.TestNG.runSuitesLocally(TestNG.java:1226)
	at org.testng.TestNG.runSuites(TestNG.java:1144)
	at org.testng.TestNG.run(TestNG.java:1115)
	at org.apache.maven.surefire.testng.TestNGExecutor.run(TestNGExecutor.java:77)
	at org.apache.maven.surefire.testng.TestNGDirectoryTestSuite.executeMulti(TestNGDirectoryTestSuite.java:159)
	at org.apache.maven.surefire.testng.TestNGDirectoryTestSuite.execute(TestNGDirectoryTestSuite.java:99)
	at org.apache.maven.surefire.testng.TestNGProvider.invoke(TestNGProvider.java:106)
	at java.base/jdk.internal.reflect.NativeMethodAccessorImpl.invoke0(Native Method)
	at java.base/jdk.internal.reflect.NativeMethodAccessorImpl.invoke(NativeMethodAccessorImpl.java:62)
	at java.base/jdk.internal.reflect.DelegatingMethodAccessorImpl.invoke(DelegatingMethodAccessorImpl.java:43)
	at java.base/java.lang.reflect.Method.invoke(Method.java:564)
	at org.apache.maven.surefire.util.ReflectionUtils.invokeMethodWithArray(ReflectionUtils.java:189)
	at org.apache.maven.surefire.booter.ProviderFactory$ProviderProxy.invoke(ProviderFactory.java:165)
	at org.apache.maven.surefire.booter.ProviderFactory.invokeProvider(ProviderFactory.java:85)
	at org.apache.maven.surefire.booter.ForkedBooter.runSuitesInProcess(ForkedBooter.java:115)
	at org.apache.maven.surefire.booter.ForkedBooter.main(ForkedBooter.java:75)
</failure>
    <system-out>Configuring TestNG with: org.apache.maven.surefire.testng.conf.TestNG652Configurator@87f383f
</system-out>
  </testcase>
  <testcase classname="tests.BaseTest" name="beforeClass" time="2.716">
    <skipped/>
  </testcase>
  <testcase classname="tests.BaseTest" name="checkLogo" time="2.772">
    <skipped/>
  </testcase>
  <testcase classname="tests.CategoryPageTest" name="beforeClass" time="2.776">
    <skipped/>
  </testcase>
  <testcase classname="tests.CategoryPageTest" name="checkLogo" time="2.776">
    <skipped/>
  </testcase>
  <testcase classname="tests.CategoryPageTest" name="validLogin" time="2.777">
    <skipped/>
  </testcase>
  <testcase classname="tests.LoginPageTest" name="beforeClass" time="2.78">
    <skipped/>
  </testcase>
  <testcase classname="tests.LoginPageTest" name="checkLogo" time="2.78">
    <skipped/>
  </testcase>
  <testcase classname="tests.PersonalPageTest" name="beforeClass" time="2.78">
    <skipped/>
  </testcase>
  <testcase classname="tests.PersonalPageTest" name="checkLogo" time="2.781">
    <skipped/>
  </testcase>
  <testcase classname="tests.RegisterPageTest" name="beforeClass" time="2.781">
    <skipped/>
  </testcase>
  <testcase classname="tests.RegisterPageTest" name="generateUser" time="2.782">
    <skipped/>
  </testcase>
  <testcase classname="tests.RegisterPageTest" name="checkLogo" time="2.782">
    <skipped/>
  </testcase>
  <testcase classname="tests.TalentTraitsPageTest" name="beforeClass" time="2.783">
    <skipped/>
  </testcase>
  <testcase classname="tests.TalentTraitsPageTest" name="checkLogo" time="2.783">
    <skipped/>
  </testcase>
  <testcase classname="tests.TalentsPageTest" name="beforeClass" time="2.784">
    <skipped/>
  </testcase>
  <testcase classname="tests.TalentsPageTest" name="checkLogo" time="2.784">
    <skipped/>
  </testcase>
  <testcase classname="tests.ValidLoginTest" name="beforeClass" time="2.784">
    <skipped/>
  </testcase>
  <testcase classname="tests.ValidLoginTest" name="checkLogo" time="2.785">
    <skipped/>
  </testcase>
  <testcase classname="tests.PersonalPageTest" name="validLogin" time="2.785">
    <skipped/>
  </testcase>
  <testcase classname="tests.TalentTraitsPageTest" name="validLogin" time="2.786">
    <skipped/>
  </testcase>
  <testcase classname="tests.TalentsPageTest" name="validLogin" time="2.786">
    <skipped/>
  </testcase>
  <testcase classname="tests.ValidLoginTest" name="validLogin" time="2.787">
    <skipped/>
  </testcase>
  <testcase classname="tests.CategoryPageTest" name="selectCategory1" time="2.805">
    <skipped/>
  </testcase>
  <testcase classname="tests.CategoryPageTest" name="selectCategory1" time="2.806">
    <skipped/>
  </testcase>
  <testcase classname="tests.CategoryPageTest" name="selectCategory1" time="2.807">
    <skipped/>
  </testcase>
  <testcase classname="tests.LoginPageTest" name="getErrors" time="6.339">
    <skipped/>
  </testcase>
  <testcase classname="tests.LoginPageTest" name="getErrors" time="6.34">
    <skipped/>
  </testcase>
  <testcase classname="tests.LoginPageTest" name="getErrors" time="6.34">
    <skipped/>
  </testcase>
  <testcase classname="tests.LoginPageTest" name="getErrors" time="6.34">
    <skipped/>
  </testcase>
  <testcase classname="tests.LoginPageTest" name="getErrors" time="6.341">
    <skipped/>
  </testcase>
  <testcase classname="tests.LoginPageTest" name="getErrors" time="6.341">
    <skipped/>
  </testcase>
  <testcase classname="tests.PersonalPageTest" name="goPersonal" time="6.342">
    <skipped/>
  </testcase>
  <testcase classname="tests.RegisterPageTest" name="generateUser" time="6.343">
    <skipped/>
  </testcase>
  <testcase classname="tests.RegisterPageTest" name="gotoRegister" time="6.343">
    <skipped/>
  </testcase>
  <testcase classname="tests.TalentTraitsPageTest" name="goTalentTraits" time="6.343">
    <skipped/>
  </testcase>
  <testcase classname="tests.CategoryPageTest" name="getError" time="6.345">
    <skipped/>
  </testcase>
  <testcase classname="tests.LoginPageTest" name="emptyPass" time="6.345">
    <skipped/>
  </testcase>
  <testcase classname="tests.PersonalPageTest" name="enterLongFirstName" time="6.346">
    <skipped/>
  </testcase>
  <testcase classname="tests.RegisterPageTest" name="generateUser" time="6.509">
    <skipped/>
  </testcase>
  <testcase classname="tests.RegisterPageTest" name="checkEmailError" time="6.51">
    <skipped/>
  </testcase>
  <testcase classname="tests.RegisterPageTest" name="generateUser" time="6.51">
    <skipped/>
  </testcase>
  <testcase classname="tests.RegisterPageTest" name="checkEmailError" time="6.51">
    <skipped/>
  </testcase>
  <testcase classname="tests.RegisterPageTest" name="generateUser" time="6.51">
    <skipped/>
  </testcase>
  <testcase classname="tests.RegisterPageTest" name="checkEmailError" time="6.51">
    <skipped/>
  </testcase>
  <testcase classname="tests.RegisterPageTest" name="generateUser" time="6.51">
    <skipped/>
  </testcase>
  <testcase classname="tests.RegisterPageTest" name="checkEmailError" time="6.516">
    <skipped/>
  </testcase>
  <testcase classname="tests.RegisterPageTest" name="generateUser" time="6.516">
    <skipped/>
  </testcase>
  <testcase classname="tests.RegisterPageTest" name="checkEmailError" time="6.516">
    <skipped/>
  </testcase>
  <testcase classname="tests.RegisterPageTest" name="generateUser" time="6.517">
    <skipped/>
  </testcase>
  <testcase classname="tests.RegisterPageTest" name="checkEmailError" time="6.517">
    <skipped/>
  </testcase>
  <testcase classname="tests.RegisterPageTest" name="generateUser" time="6.517">
    <skipped/>
  </testcase>
  <testcase classname="tests.RegisterPageTest" name="checkEmailError" time="6.517">
    <skipped/>
  </testcase>
  <testcase classname="tests.RegisterPageTest" name="generateUser" time="6.517">
    <skipped/>
  </testcase>
  <testcase classname="tests.RegisterPageTest" name="checkEmailError" time="6.517">
    <skipped/>
  </testcase>
  <testcase classname="tests.RegisterPageTest" name="generateUser" time="6.517">
    <skipped/>
  </testcase>
  <testcase classname="tests.RegisterPageTest" name="checkEmailError" time="6.517">
    <skipped/>
  </testcase>
  <testcase classname="tests.RegisterPageTest" name="generateUser" time="6.517">
    <skipped/>
  </testcase>
  <testcase classname="tests.RegisterPageTest" name="checkEmailError" time="6.517">
    <skipped/>
  </testcase>
  <testcase classname="tests.RegisterPageTest" name="generateUser" time="6.518">
    <skipped/>
  </testcase>
  <testcase classname="tests.RegisterPageTest" name="checkEmailError" time="6.518">
    <skipped/>
  </testcase>
  <testcase classname="tests.RegisterPageTest" name="generateUser" time="6.518">
    <skipped/>
  </testcase>
  <testcase classname="tests.RegisterPageTest" name="checkEmailError" time="6.524">
    <skipped/>
  </testcase>
  <testcase classname="tests.RegisterPageTest" name="generateUser" time="6.524">
    <skipped/>
  </testcase>
  <testcase classname="tests.RegisterPageTest" name="checkEmailError" time="6.524">
    <skipped/>
  </testcase>
  <testcase classname="tests.RegisterPageTest" name="generateUser" time="6.524">
    <skipped/>
  </testcase>
  <testcase classname="tests.RegisterPageTest" name="checkEmailError" time="6.524">
    <skipped/>
  </testcase>
  <testcase classname="tests.RegisterPageTest" name="generateUser" time="6.524">
    <skipped/>
  </testcase>
  <testcase classname="tests.RegisterPageTest" name="checkEmailError" time="6.524">
    <skipped/>
  </testcase>
  <testcase classname="tests.RegisterPageTest" name="generateUser" time="6.524">
    <skipped/>
  </testcase>
  <testcase classname="tests.RegisterPageTest" name="checkEmailError" time="6.524">
    <skipped/>
  </testcase>
  <testcase classname="tests.TalentTraitsPageTest" name="getEmptyErrors" time="6.525">
    <skipped/>
  </testcase>
  <testcase classname="tests.LoginPageTest" name="validLogin" time="6.526">
    <skipped/>
  </testcase>
  <testcase classname="tests.PersonalPageTest" name="getIncorrectFileType" time="6.526">
    <skipped/>
  </testcase>
  <testcase classname="tests.RegisterPageTest" name="generateUser" time="6.529">
    <skipped/>
  </testcase>
  <testcase classname="tests.RegisterPageTest" name="registerNewUser" time="6.53">
    <skipped/>
  </testcase>
  <testcase classname="tests.TalentTraitsPageTest" name="insert11" time="6.53">
    <skipped/>
  </testcase>
  <testcase classname="tests.LoginPageTest" name="logout" time="6.53">
    <skipped/>
  </testcase>
  <testcase classname="tests.PersonalPageTest" name="getPlaceBirthError" time="6.531">
    <skipped/>
  </testcase>
  <testcase classname="tests.RegisterPageTest" name="generateUser" time="6.533">
    <skipped/>
  </testcase>
  <testcase classname="tests.RegisterPageTest" name="checkEmailWelcomeMessage" time="6.533">
    <skipped/>
  </testcase>
  <testcase classname="tests.TalentTraitsPageTest" name="insert0" time="6.533">
    <skipped/>
  </testcase>
  <testcase classname="tests.PersonalPageTest" name="enterInvalidEmail" time="6.534">
    <skipped/>
  </testcase>
  <testcase classname="tests.RegisterPageTest" name="generateUser" time="6.534">
    <skipped/>
  </testcase>
  <testcase classname="tests.RegisterPageTest" name="assertMyProfile" time="6.534">
    <skipped/>
  </testcase>
  <testcase classname="tests.TalentTraitsPageTest" name="insertScales" time="6.534">
    <skipped/>
  </testcase>
  <testcase classname="tests.PersonalPageTest" name="enterInvalidPhone" time="6.535">
    <skipped/>
  </testcase>
  <testcase classname="tests.PersonalPageTest" name="insertInvalidHeight" time="6.536">
    <skipped/>
  </testcase>
  <testcase classname="tests.PersonalPageTest" name="insertInvalidWeight" time="6.537">
    <skipped/>
  </testcase>
  <testcase classname="tests.PersonalPageTest" name="insertInformation" time="6.539">
    <skipped/>
  </testcase>
  <testcase classname="tests.PersonalPageTest" name="insertInformation" time="6.54">
    <skipped/>
  </testcase>
  <testcase classname="tests.PersonalPageTest" name="insertInformation" time="6.543">
    <skipped/>
  </testcase>
  <testcase classname="tests.PersonalPageTest" name="assertInfo" time="6.985">
    <skipped/>
  </testcase>
  <testcase classname="tests.PersonalPageTest" name="assertInfo" time="6.985">
    <skipped/>
  </testcase>
  <testcase classname="tests.PersonalPageTest" name="assertInfo" time="6.985">
    <skipped/>
  </testcase>
  <testcase classname="tests.TalentsPageTest" name="numberOfRows" time="6.985">
    <skipped/>
  </testcase>
  <testcase classname="tests.TalentsPageTest" name="disableTalent" time="6.985">
    <skipped/>
  </testcase>
  <testcase classname="tests.TalentsPageTest" name="enableTalent" time="6.985">
    <skipped/>
  </testcase>
  <testcase classname="tests.TalentsPageTest" name="checkboxAll" time="6.986">
    <skipped/>
  </testcase>
  <testcase classname="tests.TalentsPageTest" name="search" time="6.986">
    <skipped/>
  </testcase>
  <testcase classname="tests.TalentsPageTest" name="getNew" time="6.986">
    <skipped/>
  </testcase>
  <testcase classname="tests.TalentsPageTest" name="edit" time="6.987">
    <skipped/>
  </testcase>
  <testcase classname="tests.BaseTest" name="afterTest" time="6.993">
    <skipped/>
  </testcase>
</testsuite>