<?xml version="1.0" encoding="UTF-8"?>
<!-- Generated by org.testng.reporters.JUnitXMLReporter -->
<testsuite ignored="15" hostname="Shushik" failures="0" tests="35" name="Command line test" time="14.951" errors="0" timestamp="24 Nov 2017 03:06:17 GMT">
  <testcase classname="tests.BaseTest" name="@BeforeTest beforeTest" time="0.0">
    <failure type="org.testng.TestNGException" message="
Parameter &amp;apos;browser&amp;apos; is required by BeforeTest on method beforeTest but has not been marked @Optional or defined
">
      <![CDATA[org.testng.TestNGException: 
Parameter 'browser' is required by BeforeTest on method beforeTest but has not been marked @Optional or defined

... Removed 30 stack frames]]>
    </failure>
  </testcase> <!-- @BeforeTest beforeTest -->
  <testcase classname="tests.BaseTest" name="@BeforeClass beforeClass" time="0.0">
    <failure type="java.lang.NullPointerException">
      <![CDATA[java.lang.NullPointerException
	at com.google.common.base.Preconditions.checkNotNull(Preconditions.java:787)
	at org.openqa.selenium.support.ui.FluentWait.<init>(FluentWait.java:96)
	at org.openqa.selenium.support.ui.WebDriverWait.<init>(WebDriverWait.java:72)
	at org.openqa.selenium.support.ui.WebDriverWait.<init>(WebDriverWait.java:46)
	at pages.BasePage.<init>(BasePage.java:18)
	at pages.LoginPage.<init>(LoginPage.java:37)
	at tests.BaseTest.beforeClass(BaseTest.java:35)
... Removed 35 stack frames]]>
    </failure>
  </testcase> <!-- @BeforeClass beforeClass -->
  <testcase classname="tests.BaseTest" name="@BeforeClass beforeClass" time="0.0">
    <failure type="java.lang.NullPointerException">
      <![CDATA[java.lang.NullPointerException
	at com.google.common.base.Preconditions.checkNotNull(Preconditions.java:787)
	at org.openqa.selenium.support.ui.FluentWait.<init>(FluentWait.java:96)
	at org.openqa.selenium.support.ui.WebDriverWait.<init>(WebDriverWait.java:72)
	at org.openqa.selenium.support.ui.WebDriverWait.<init>(WebDriverWait.java:46)
	at pages.BasePage.<init>(BasePage.java:18)
	at pages.LoginPage.<init>(LoginPage.java:37)
	at tests.BaseTest.beforeClass(BaseTest.java:35)
... Removed 35 stack frames]]>
    </failure>
  </testcase> <!-- @BeforeClass beforeClass -->
  <testcase classname="tests.BaseTest" name="@BeforeClass beforeClass" time="0.0">
    <failure type="java.lang.NullPointerException">
      <![CDATA[java.lang.NullPointerException
	at com.google.common.base.Preconditions.checkNotNull(Preconditions.java:787)
	at org.openqa.selenium.support.ui.FluentWait.<init>(FluentWait.java:96)
	at org.openqa.selenium.support.ui.WebDriverWait.<init>(WebDriverWait.java:72)
	at org.openqa.selenium.support.ui.WebDriverWait.<init>(WebDriverWait.java:46)
	at pages.BasePage.<init>(BasePage.java:18)
	at pages.LoginPage.<init>(LoginPage.java:37)
	at tests.BaseTest.beforeClass(BaseTest.java:35)
... Removed 35 stack frames]]>
    </failure>
  </testcase> <!-- @BeforeClass beforeClass -->
  <testcase classname="tests.BaseTest" name="@BeforeClass beforeClass" time="0.0">
    <failure type="java.lang.NullPointerException">
      <![CDATA[java.lang.NullPointerException
	at com.google.common.base.Preconditions.checkNotNull(Preconditions.java:787)
	at org.openqa.selenium.support.ui.FluentWait.<init>(FluentWait.java:96)
	at org.openqa.selenium.support.ui.WebDriverWait.<init>(WebDriverWait.java:72)
	at org.openqa.selenium.support.ui.WebDriverWait.<init>(WebDriverWait.java:46)
	at pages.BasePage.<init>(BasePage.java:18)
	at pages.LoginPage.<init>(LoginPage.java:37)
	at tests.BaseTest.beforeClass(BaseTest.java:35)
... Removed 35 stack frames]]>
    </failure>
  </testcase> <!-- @BeforeClass beforeClass -->
  <testcase classname="tests.BaseTest" name="@BeforeClass beforeClass" time="0.0">
    <failure type="java.lang.NullPointerException">
      <![CDATA[java.lang.NullPointerException
	at com.google.common.base.Preconditions.checkNotNull(Preconditions.java:787)
	at org.openqa.selenium.support.ui.FluentWait.<init>(FluentWait.java:96)
	at org.openqa.selenium.support.ui.WebDriverWait.<init>(WebDriverWait.java:72)
	at org.openqa.selenium.support.ui.WebDriverWait.<init>(WebDriverWait.java:46)
	at pages.BasePage.<init>(BasePage.java:18)
	at pages.LoginPage.<init>(LoginPage.java:37)
	at tests.BaseTest.beforeClass(BaseTest.java:35)
... Removed 35 stack frames]]>
    </failure>
  </testcase> <!-- @BeforeClass beforeClass -->
  <testcase classname="tests.RegisterPageTest" name="@BeforeClass generateUser" time="0.0">
    <failure type="java.lang.NullPointerException">
      <![CDATA[java.lang.NullPointerException
	at com.google.common.base.Preconditions.checkNotNull(Preconditions.java:787)
	at org.openqa.selenium.support.ui.FluentWait.<init>(FluentWait.java:96)
	at org.openqa.selenium.support.ui.WebDriverWait.<init>(WebDriverWait.java:72)
	at org.openqa.selenium.support.ui.WebDriverWait.<init>(WebDriverWait.java:46)
	at data.NadaPage.<init>(NadaPage.java:36)
	at tests.RegisterPageTest.generateUser(RegisterPageTest.java:34)
... Removed 35 stack frames]]>
    </failure>
  </testcase> <!-- @BeforeClass generateUser -->
  <testcase classname="tests.BaseTest" name="@BeforeClass beforeClass" time="0.0">
    <failure type="java.lang.NullPointerException">
      <![CDATA[java.lang.NullPointerException
	at com.google.common.base.Preconditions.checkNotNull(Preconditions.java:787)
	at org.openqa.selenium.support.ui.FluentWait.<init>(FluentWait.java:96)
	at org.openqa.selenium.support.ui.WebDriverWait.<init>(WebDriverWait.java:72)
	at org.openqa.selenium.support.ui.WebDriverWait.<init>(WebDriverWait.java:46)
	at pages.BasePage.<init>(BasePage.java:18)
	at pages.LoginPage.<init>(LoginPage.java:37)
	at tests.BaseTest.beforeClass(BaseTest.java:35)
... Removed 35 stack frames]]>
    </failure>
  </testcase> <!-- @BeforeClass beforeClass -->
  <testcase classname="tests.BaseTest" name="@BeforeClass beforeClass" time="0.0">
    <failure type="java.lang.NullPointerException">
      <![CDATA[java.lang.NullPointerException
	at com.google.common.base.Preconditions.checkNotNull(Preconditions.java:787)
	at org.openqa.selenium.support.ui.FluentWait.<init>(FluentWait.java:96)
	at org.openqa.selenium.support.ui.WebDriverWait.<init>(WebDriverWait.java:72)
	at org.openqa.selenium.support.ui.WebDriverWait.<init>(WebDriverWait.java:46)
	at pages.BasePage.<init>(BasePage.java:18)
	at pages.LoginPage.<init>(LoginPage.java:37)
	at tests.BaseTest.beforeClass(BaseTest.java:35)
... Removed 35 stack frames]]>
    </failure>
  </testcase> <!-- @BeforeClass beforeClass -->
  <testcase classname="tests.BaseTest" name="@BeforeClass beforeClass" time="0.0">
    <failure type="java.lang.NullPointerException">
      <![CDATA[java.lang.NullPointerException
	at com.google.common.base.Preconditions.checkNotNull(Preconditions.java:787)
	at org.openqa.selenium.support.ui.FluentWait.<init>(FluentWait.java:96)
	at org.openqa.selenium.support.ui.WebDriverWait.<init>(WebDriverWait.java:72)
	at org.openqa.selenium.support.ui.WebDriverWait.<init>(WebDriverWait.java:46)
	at pages.BasePage.<init>(BasePage.java:18)
	at pages.LoginPage.<init>(LoginPage.java:37)
	at tests.BaseTest.beforeClass(BaseTest.java:35)
... Removed 35 stack frames]]>
    </failure>
  </testcase> <!-- @BeforeClass beforeClass -->
  <testcase classname="tests.BaseTest" name="@AfterTest afterTest" time="0.0">
    <failure type="java.lang.NullPointerException">
      <![CDATA[java.lang.NullPointerException
	at tests.BaseTest.afterTest(BaseTest.java:146)
... Removed 33 stack frames]]>
    </failure>
  </testcase> <!-- @AfterTest afterTest -->
  <testcase classname="tests.BaseTest" name="checkLogo" time="0.0">
    <skipped/>
  </testcase> <!-- checkLogo -->
  <testcase classname="tests.BaseTest" name="checkLogo" time="0.0">
    <skipped/>
  </testcase> <!-- checkLogo -->
  <testcase classname="tests.ValidLoginTest" name="validLogin" time="0.0">
    <skipped/>
  </testcase> <!-- validLogin -->
  <testcase classname="tests.CategoryPageTest" name="selectCategory1" time="0.0">
    <skipped/>
  </testcase> <!-- selectCategory1 -->
  <testcase classname="tests.BaseTest" name="checkLogo" time="0.0">
    <skipped/>
  </testcase> <!-- checkLogo -->
  <testcase classname="tests.BaseTest" name="checkLogo" time="0.0">
    <skipped/>
  </testcase> <!-- checkLogo -->
  <testcase classname="tests.BaseTest" name="checkLogo" time="0.0">
    <skipped/>
  </testcase> <!-- checkLogo -->
  <testcase classname="tests.BaseTest" name="checkLogo" time="0.0">
    <skipped/>
  </testcase> <!-- checkLogo -->
  <testcase classname="tests.BaseTest" name="checkLogo" time="0.0">
    <skipped/>
  </testcase> <!-- checkLogo -->
  <testcase classname="tests.BaseTest" name="checkLogo" time="0.0">
    <skipped/>
  </testcase> <!-- checkLogo -->
  <testcase classname="tests.LoginPageTest" name="validLogin" time="0.0">
    <skipped/>
  </testcase> <!-- validLogin -->
  <testcase classname="tests.RegisterPageTest" name="checkEmailError" time="0.0">
    <skipped/>
  </testcase> <!-- checkEmailError -->
  <testcase classname="tests.RegisterPageTest" name="checkEmailError" time="0.0">
    <skipped/>
  </testcase> <!-- checkEmailError -->
  <testcase classname="tests.RegisterPageTest" name="checkEmailError" time="0.0">
    <skipped/>
  </testcase> <!-- checkEmailError -->
  <testcase classname="tests.RegisterPageTest" name="checkEmailError" time="0.0">
    <skipped/>
  </testcase> <!-- checkEmailError -->
  <testcase classname="tests.RegisterPageTest" name="checkEmailError" time="0.0">
    <skipped/>
  </testcase> <!-- checkEmailError -->
  <testcase classname="tests.RegisterPageTest" name="checkEmailError" time="0.0">
    <skipped/>
  </testcase> <!-- checkEmailError -->
  <testcase classname="tests.RegisterPageTest" name="checkEmailError" time="0.0">
    <skipped/>
  </testcase> <!-- checkEmailError -->
  <testcase classname="tests.RegisterPageTest" name="checkEmailError" time="0.0">
    <skipped/>
  </testcase> <!-- checkEmailError -->
  <testcase classname="tests.RegisterPageTest" name="checkEmailError" time="0.0">
    <skipped/>
  </testcase> <!-- checkEmailError -->
  <testcase classname="tests.RegisterPageTest" name="checkEmailError" time="0.001">
    <skipped/>
  </testcase> <!-- checkEmailError -->
  <testcase classname="tests.RegisterPageTest" name="checkEmailError" time="0.0">
    <skipped/>
  </testcase> <!-- checkEmailError -->
  <testcase classname="tests.RegisterPageTest" name="checkEmailError" time="0.001">
    <skipped/>
  </testcase> <!-- checkEmailError -->
  <testcase classname="tests.RegisterPageTest" name="checkEmailError" time="0.001">
    <skipped/>
  </testcase> <!-- checkEmailError -->
  <testcase classname="tests.RegisterPageTest" name="checkEmailError" time="0.0">
    <skipped/>
  </testcase> <!-- checkEmailError -->
  <testcase classname="tests.RegisterPageTest" name="checkEmailError" time="0.0">
    <skipped/>
  </testcase> <!-- checkEmailError -->
  <testcase classname="tests.RegisterPageTest" name="checkEmailError" time="0.001">
    <skipped/>
  </testcase> <!-- checkEmailError -->
  <testcase classname="tests.RegisterPageTest" name="gotoRegister" time="0.0">
    <skipped/>
  </testcase> <!-- gotoRegister -->
  <testcase classname="tests.ValidLoginTest" name="validLogin" time="0.0">
    <skipped/>
  </testcase> <!-- validLogin -->
  <testcase classname="tests.ValidLoginTest" name="validLogin" time="0.0">
    <skipped/>
  </testcase> <!-- validLogin -->
  <testcase classname="tests.ValidLoginTest" name="validLogin" time="0.0">
    <skipped/>
  </testcase> <!-- validLogin -->
  <testcase classname="tests.LoginPageTest" name="logout" time="0.0">
    <skipped/>
  </testcase> <!-- logout -->
  <testcase classname="tests.RegisterPageTest" name="registerNewUser" time="0.0">
    <skipped/>
  </testcase> <!-- registerNewUser -->
  <testcase classname="tests.RegisterPageTest" name="checkEmailWelcomeMessage" time="0.0">
    <skipped/>
  </testcase> <!-- checkEmailWelcomeMessage -->
  <testcase classname="tests.RegisterPageTest" name="assertMyProfile" time="0.0">
    <skipped/>
  </testcase> <!-- assertMyProfile -->
  <testcase classname="tests.BaseTest" name="@BeforeTest beforeTest" time="0.0">
    <ignored/>
  </testcase> <!-- @BeforeTest beforeTest -->
  <testcase classname="tests.BaseTest" name="@BeforeTest beforeTest" time="0.0">
    <ignored/>
  </testcase> <!-- @BeforeTest beforeTest -->
  <testcase classname="tests.BaseTest" name="@BeforeTest beforeTest" time="0.0">
    <ignored/>
  </testcase> <!-- @BeforeTest beforeTest -->
  <testcase classname="tests.BaseTest" name="@BeforeTest beforeTest" time="0.0">
    <ignored/>
  </testcase> <!-- @BeforeTest beforeTest -->
  <testcase classname="tests.BaseTest" name="@BeforeTest beforeTest" time="0.0">
    <ignored/>
  </testcase> <!-- @BeforeTest beforeTest -->
  <testcase classname="tests.BaseTest" name="@BeforeTest beforeTest" time="0.0">
    <ignored/>
  </testcase> <!-- @BeforeTest beforeTest -->
  <testcase classname="tests.BaseTest" name="@BeforeTest beforeTest" time="0.0">
    <ignored/>
  </testcase> <!-- @BeforeTest beforeTest -->
  <testcase classname="tests.TalentsPageTest" name="clickArchive" time="0.0">
    <ignored/>
  </testcase> <!-- clickArchive -->
  <testcase classname="tests.BaseTest" name="@AfterTest afterTest" time="0.0">
    <ignored/>
  </testcase> <!-- @AfterTest afterTest -->
  <testcase classname="tests.BaseTest" name="@AfterTest afterTest" time="0.0">
    <ignored/>
  </testcase> <!-- @AfterTest afterTest -->
  <testcase classname="tests.BaseTest" name="@AfterTest afterTest" time="0.0">
    <ignored/>
  </testcase> <!-- @AfterTest afterTest -->
  <testcase classname="tests.BaseTest" name="@AfterTest afterTest" time="0.0">
    <ignored/>
  </testcase> <!-- @AfterTest afterTest -->
  <testcase classname="tests.BaseTest" name="@AfterTest afterTest" time="0.0">
    <ignored/>
  </testcase> <!-- @AfterTest afterTest -->
  <testcase classname="tests.BaseTest" name="@AfterTest afterTest" time="0.0">
    <ignored/>
  </testcase> <!-- @AfterTest afterTest -->
  <testcase classname="tests.BaseTest" name="@AfterTest afterTest" time="0.0">
    <ignored/>
  </testcase> <!-- @AfterTest afterTest -->
</testsuite> <!-- Command line test -->
