<?xml version="1.0" encoding="UTF-8"?>
<!-- Generated by org.testng.reporters.JUnitXMLReporter -->
<testsuite hostname="Shushik" ignored="0" name="login and talents" tests="5" failures="3" timestamp="07 Nov 2017 00:25:05 GMT" time="151.14" errors="0">
  <testcase name="checkLogo" time="0.146" classname="tests.BaseTest"/>
  <testcase name="gotoRegister" time="2.113" classname="tests.RegisterPageTest">
    <failure type="java.lang.AssertionError" message="user is not redirect to register page expected [SIGN IN TO CONTINUE] but found [SIGNUP TO GET INSTANT ACCESS]">
      <![CDATA[java.lang.AssertionError: user is not redirect to register page expected [SIGN IN TO CONTINUE] but found [SIGNUP TO GET INSTANT ACCESS]
	at tests.RegisterPageTest.gotoRegister(RegisterPageTest.java:90)
... Removed 29 stack frames]]>
    </failure>
  </testcase> <!-- gotoRegister -->
  <testcase name="registerNewUser" time="15.425" classname="tests.RegisterPageTest">
    <failure type="java.lang.AssertionError" message="user is not redirect to talents page expected [Talent Strength
TalentsNew] but found [Talents]">
      <![CDATA[java.lang.AssertionError: user is not redirect to talents page expected [Talent Strength
TalentsNew] but found [Talents]
	at tests.RegisterPageTest.registerNewUser(RegisterPageTest.java:118)
... Removed 29 stack frames]]>
    </failure>
  </testcase> <!-- registerNewUser -->
  <testcase name="checkEmailWelcomeMessage" time="60.576" classname="tests.RegisterPageTest">
    <failure type="org.openqa.selenium.TimeoutException" message="Expected condition failed: waiting for visibility of Proxy element for: DefaultElementLocator &amp;apos;By.xpath: //*[@id=&amp;apos;body&amp;apos;]//span[2]&amp;apos; (tried for 5 second(s) with 500 MILLISECONDS interval)">
      <![CDATA[org.openqa.selenium.TimeoutException: Expected condition failed: waiting for visibility of Proxy element for: DefaultElementLocator 'By.xpath: //*[@id='body']//span[2]' (tried for 5 second(s) with 500 MILLISECONDS interval)
	at org.openqa.selenium.support.ui.WebDriverWait.timeoutException(WebDriverWait.java:82)
	at org.openqa.selenium.support.ui.FluentWait.until(FluentWait.java:231)
	at data.NadaPage.getWelcomeMessage(NadaPage.java:57)
	at tests.RegisterPageTest.checkEmailWelcomeMessage(RegisterPageTest.java:126)
Caused by: org.openqa.selenium.NoSuchElementException: no such element: Unable to locate element: {"method":"xpath","selector":"//*[@id='body']//span[2]"}
  (Session info: chrome=62.0.3202.75)
  (Driver info: chromedriver=2.29.461591 (62ebf098771772160f391d75e589dc567915b233),platform=Windows NT 10.0.15063 x86_64) (WARNING: The server did not provide any stacktrace information)
Command duration or timeout: 0 milliseconds
For documentation on this error, please visit: http://seleniumhq.org/exceptions/no_such_element.html
Build info: version: '3.6.0', revision: '6fbf3ec767', time: '2017-09-27T15:28:36.4Z'
System info: host: 'SHUSHIK', ip: '192.168.1.246', os.name: 'Windows 10', os.arch: 'amd64', os.version: '10.0', java.version: '1.8.0_131'
Driver info: org.openqa.selenium.chrome.ChromeDriver
Capabilities [{applicationCacheEnabled=false, rotatable=false, mobileEmulationEnabled=false, networkConnectionEnabled=false, chrome={chromedriverVersion=2.29.461591 (62ebf098771772160f391d75e589dc567915b233), userDataDir=C:\Users\ALEXAN~1\AppData\Local\Temp\scoped_dir2952_24300}, takesHeapSnapshot=true, pageLoadStrategy=normal, unhandledPromptBehavior=, databaseEnabled=false, handlesAlerts=true, hasTouchScreen=false, version=62.0.3202.75, platform=XP, browserConnectionEnabled=false, nativeEvents=true, acceptSslCerts=true, locationContextEnabled=true, webStorageEnabled=true, browserName=chrome, takesScreenshot=true, javascriptEnabled=true, platformName=XP, cssSelectorsEnabled=true, unexpectedAlertBehaviour=}]
Session ID: 0cf568ba2fd2af8f4d85c5eabaa63bf0
*** Element info: {Using=xpath, value=//*[@id='body']//span[2]}
	at org.openqa.selenium.remote.ErrorHandler.createThrowable(ErrorHandler.java:214)
	at org.openqa.selenium.remote.ErrorHandler.throwIfResponseFailed(ErrorHandler.java:166)
	at org.openqa.selenium.remote.http.JsonHttpResponseCodec.reconstructValue(JsonHttpResponseCodec.java:40)
	at org.openqa.selenium.remote.http.AbstractHttpResponseCodec.decode(AbstractHttpResponseCodec.java:82)
	at org.openqa.selenium.remote.http.AbstractHttpResponseCodec.decode(AbstractHttpResponseCodec.java:45)
	at org.openqa.selenium.remote.HttpCommandExecutor.execute(HttpCommandExecutor.java:164)
	at org.openqa.selenium.remote.service.DriverCommandExecutor.execute(DriverCommandExecutor.java:83)
	at org.openqa.selenium.remote.RemoteWebDriver.execute(RemoteWebDriver.java:586)
	at org.openqa.selenium.remote.RemoteWebDriver.findElement(RemoteWebDriver.java:356)
	at org.openqa.selenium.remote.RemoteWebDriver.findElementByXPath(RemoteWebDriver.java:458)
	at org.openqa.selenium.By$ByXPath.findElement(By.java:361)
	at org.openqa.selenium.remote.RemoteWebDriver.findElement(RemoteWebDriver.java:348)
	at org.openqa.selenium.support.pagefactory.DefaultElementLocator.findElement(DefaultElementLocator.java:69)
	at org.openqa.selenium.support.pagefactory.internal.LocatingElementHandler.invoke(LocatingElementHandler.java:38)
	at com.sun.proxy.$Proxy8.isDisplayed(Unknown Source)
	at org.openqa.selenium.support.ui.ExpectedConditions.elementIfVisible(ExpectedConditions.java:301)
	at org.openqa.selenium.support.ui.ExpectedConditions.access$100(ExpectedConditions.java:43)
	at org.openqa.selenium.support.ui.ExpectedConditions$10.apply(ExpectedConditions.java:287)
	at org.openqa.selenium.support.ui.ExpectedConditions$10.apply(ExpectedConditions.java:284)
	at org.openqa.selenium.support.ui.FluentWait.until(FluentWait.java:208)
	... 26 more
... Removed 28 stack frames]]>
    </failure>
  </testcase> <!-- checkEmailWelcomeMessage -->
  <testcase name="assertMyProfile" time="2.872" classname="tests.RegisterPageTest"/>
</testsuite> <!-- login and talents -->
