<?xml version="1.0" encoding="UTF-8"?>
<!-- Generated by org.testng.reporters.JUnitXMLReporter -->
<testsuite ignored="0" hostname="Shushik" failures="1" tests="11" name="personal" time="47.065" errors="0" timestamp="24 Nov 2017 02:35:28 GMT">
  <testcase classname="tests.BaseTest" name="checkLogo" time="3.988"/>
  <testcase classname="tests.PersonalPageTest" name="login" time="1.275">
    <failure type="org.openqa.selenium.WebDriverException" message="unknown error: Element &amp;lt;button class=&amp;quot;btn btn-block btn-primary mt-lg&amp;quot; id=&amp;quot;login&amp;quot;&amp;gt;...&amp;lt;/button&amp;gt; is not clickable at point (517, 381). Other element would receive the click: &amp;lt;div class=&amp;quot;cover active&amp;quot; ng-class=&amp;quot;{&amp;apos;active&amp;apos;: $ctrl.isActive}&amp;quot;&amp;gt;...&amp;lt;/div&amp;gt;
  (Session info: chrome=62.0.3202.94)
  (Driver info: chromedriver=2.29.461591 (62ebf098771772160f391d75e589dc567915b233),platform=Windows NT 10.0.15063 x86_64) (WARNING: The server did not provide any stacktrace information)
Command duration or timeout: 0 milliseconds
Build info: version: &amp;apos;3.7.1&amp;apos;, revision: &amp;apos;8a0099a&amp;apos;, time: &amp;apos;2017-11-06T21:01:39.354Z&amp;apos;
System info: host: &amp;apos;SHUSHIK&amp;apos;, ip: &amp;apos;192.168.0.8&amp;apos;, os.name: &amp;apos;Windows 10&amp;apos;, os.arch: &amp;apos;amd64&amp;apos;, os.version: &amp;apos;10.0&amp;apos;, java.version: &amp;apos;9.0.1&amp;apos;
Driver info: org.openqa.selenium.chrome.ChromeDriver
Capabilities {acceptSslCerts: true, applicationCacheEnabled: false, browserConnectionEnabled: false, browserName: chrome, chrome: {chromedriverVersion: 2.29.461591 (62ebf098771772..., userDataDir: C:\Users\ALEXAN~1\AppData\L...}, cssSelectorsEnabled: true, databaseEnabled: false, handlesAlerts: true, hasTouchScreen: false, javascriptEnabled: true, locationContextEnabled: true, mobileEmulationEnabled: false, nativeEvents: true, networkConnectionEnabled: false, pageLoadStrategy: normal, platform: XP, platformName: XP, rotatable: false, takesHeapSnapshot: true, takesScreenshot: true, unexpectedAlertBehaviour: , unhandledPromptBehavior: , version: 62.0.3202.94, webStorageEnabled: true}
Session ID: 3376b368e42039c24fb82fa03cd64c50">
      <![CDATA[org.openqa.selenium.WebDriverException: unknown error: Element <button class="btn btn-block btn-primary mt-lg" id="login">...</button> is not clickable at point (517, 381). Other element would receive the click: <div class="cover active" ng-class="{'active': $ctrl.isActive}">...</div>
  (Session info: chrome=62.0.3202.94)
  (Driver info: chromedriver=2.29.461591 (62ebf098771772160f391d75e589dc567915b233),platform=Windows NT 10.0.15063 x86_64) (WARNING: The server did not provide any stacktrace information)
Command duration or timeout: 0 milliseconds
Build info: version: '3.7.1', revision: '8a0099a', time: '2017-11-06T21:01:39.354Z'
System info: host: 'SHUSHIK', ip: '192.168.0.8', os.name: 'Windows 10', os.arch: 'amd64', os.version: '10.0', java.version: '9.0.1'
Driver info: org.openqa.selenium.chrome.ChromeDriver
Capabilities {acceptSslCerts: true, applicationCacheEnabled: false, browserConnectionEnabled: false, browserName: chrome, chrome: {chromedriverVersion: 2.29.461591 (62ebf098771772..., userDataDir: C:\Users\ALEXAN~1\AppData\L...}, cssSelectorsEnabled: true, databaseEnabled: false, handlesAlerts: true, hasTouchScreen: false, javascriptEnabled: true, locationContextEnabled: true, mobileEmulationEnabled: false, nativeEvents: true, networkConnectionEnabled: false, pageLoadStrategy: normal, platform: XP, platformName: XP, rotatable: false, takesHeapSnapshot: true, takesScreenshot: true, unexpectedAlertBehaviour: , unhandledPromptBehavior: , version: 62.0.3202.94, webStorageEnabled: true}
Session ID: 3376b368e42039c24fb82fa03cd64c50
	at org.openqa.selenium.remote.ErrorHandler.createThrowable(ErrorHandler.java:214)
	at org.openqa.selenium.remote.ErrorHandler.throwIfResponseFailed(ErrorHandler.java:166)
	at org.openqa.selenium.remote.http.JsonHttpResponseCodec.reconstructValue(JsonHttpResponseCodec.java:40)
	at org.openqa.selenium.remote.http.AbstractHttpResponseCodec.decode(AbstractHttpResponseCodec.java:80)
	at org.openqa.selenium.remote.http.AbstractHttpResponseCodec.decode(AbstractHttpResponseCodec.java:44)
	at org.openqa.selenium.remote.HttpCommandExecutor.execute(HttpCommandExecutor.java:164)
	at org.openqa.selenium.remote.service.DriverCommandExecutor.execute(DriverCommandExecutor.java:83)
	at org.openqa.selenium.remote.RemoteWebDriver.execute(RemoteWebDriver.java:600)
	at org.openqa.selenium.remote.RemoteWebElement.execute(RemoteWebElement.java:279)
	at org.openqa.selenium.remote.RemoteWebElement.click(RemoteWebElement.java:83)
	at org.openqa.selenium.support.pagefactory.internal.LocatingElementHandler.invoke(LocatingElementHandler.java:51)
	at com.sun.proxy.$Proxy12.click(Unknown Source)
	at pages.LoginPage.clickLoginButton(LoginPage.java:59)
	at pages.LoginPage.submitLogin(LoginPage.java:70)
	at tests.PersonalPageTest.login(PersonalPageTest.java:18)
... Removed 32 stack frames]]>
    </failure>
  </testcase> <!-- login -->
  <testcase classname="tests.PersonalPageTest" name="goPersonal" time="0.001">
    <skipped/>
  </testcase> <!-- goPersonal -->
  <testcase classname="tests.PersonalPageTest" name="enterLongFirstName" time="0.0">
    <skipped/>
  </testcase> <!-- enterLongFirstName -->
  <testcase classname="tests.PersonalPageTest" name="getIncorrectFileType" time="0.0">
    <skipped/>
  </testcase> <!-- getIncorrectFileType -->
  <testcase classname="tests.PersonalPageTest" name="getPlaceBirthError" time="0.0">
    <skipped/>
  </testcase> <!-- getPlaceBirthError -->
  <testcase classname="tests.PersonalPageTest" name="enterInvalidEmail" time="0.0">
    <skipped/>
  </testcase> <!-- enterInvalidEmail -->
  <testcase classname="tests.PersonalPageTest" name="enterInvalidPhone" time="0.0">
    <skipped/>
  </testcase> <!-- enterInvalidPhone -->
  <testcase classname="tests.PersonalPageTest" name="insertInvalidHeight" time="0.0">
    <skipped/>
  </testcase> <!-- insertInvalidHeight -->
  <testcase classname="tests.PersonalPageTest" name="insertInvalidWeight" time="0.0">
    <skipped/>
  </testcase> <!-- insertInvalidWeight -->
  <testcase classname="tests.PersonalPageTest" name="insertInformation" time="0.0">
    <skipped/>
  </testcase> <!-- insertInformation -->
</testsuite> <!-- personal -->
