<?xml version="1.0" encoding="UTF-8"?>
<!-- Generated by org.testng.reporters.JUnitXMLReporter -->
<testsuite hostname="Shushik" ignored="0" name="ru" tests="13" failures="1" timestamp="08 Nov 2017 00:17:42 GMT" time="159.514" errors="0">
  <testcase name="checkLogo" time="1.889" classname="tests.BaseTest"/>
  <testcase name="validLogin" time="2.185" classname="tests.ValidLoginTest"/>
  <testcase name="checkLogo" time="2.899" classname="tests.BaseTest"/>
  <testcase name="validLogin" time="1.977" classname="tests.ValidLoginTest"/>
  <testcase name="goPersonal" time="2.979" classname="tests.PersonalPageTest"/>
  <testcase name="goTalentTraits" time="12.423" classname="tests.TalentTraitsPageTest">
    <failure type="org.openqa.selenium.TimeoutException" message="Expected condition failed: waiting for class to be &amp;quot;ng-scope active&amp;quot;. Current class: &amp;quot;active ng-binding ng-scope&amp;quot; (tried for 10 second(s) with 500 MILLISECONDS interval)
Build info: version: &amp;apos;3.6.0&amp;apos;, revision: &amp;apos;6fbf3ec767&amp;apos;, time: &amp;apos;2017-09-27T15:28:36.4Z&amp;apos;
System info: host: &amp;apos;SHUSHIK&amp;apos;, ip: &amp;apos;192.168.1.246&amp;apos;, os.name: &amp;apos;Windows 10&amp;apos;, os.arch: &amp;apos;amd64&amp;apos;, os.version: &amp;apos;10.0&amp;apos;, java.version: &amp;apos;1.8.0_131&amp;apos;
Driver info: org.openqa.selenium.chrome.ChromeDriver
Capabilities [{applicationCacheEnabled=false, rotatable=false, mobileEmulationEnabled=false, networkConnectionEnabled=false, chrome={chromedriverVersion=2.29.461591 (62ebf098771772160f391d75e589dc567915b233), userDataDir=C:\Users\ALEXAN~1\AppData\Local\Temp\scoped_dir12132_7032}, takesHeapSnapshot=true, pageLoadStrategy=normal, unhandledPromptBehavior=, databaseEnabled=false, handlesAlerts=true, hasTouchScreen=false, version=62.0.3202.89, platform=XP, browserConnectionEnabled=false, nativeEvents=true, acceptSslCerts=true, locationContextEnabled=true, webStorageEnabled=true, browserName=chrome, takesScreenshot=true, javascriptEnabled=true, platformName=XP, cssSelectorsEnabled=true, unexpectedAlertBehaviour=}]
Session ID: efcf49711699c91394d58f9008be3469">
      <![CDATA[org.openqa.selenium.TimeoutException: Expected condition failed: waiting for class to be "ng-scope active". Current class: "active ng-binding ng-scope" (tried for 10 second(s) with 500 MILLISECONDS interval)
Build info: version: '3.6.0', revision: '6fbf3ec767', time: '2017-09-27T15:28:36.4Z'
System info: host: 'SHUSHIK', ip: '192.168.1.246', os.name: 'Windows 10', os.arch: 'amd64', os.version: '10.0', java.version: '1.8.0_131'
Driver info: org.openqa.selenium.chrome.ChromeDriver
Capabilities [{applicationCacheEnabled=false, rotatable=false, mobileEmulationEnabled=false, networkConnectionEnabled=false, chrome={chromedriverVersion=2.29.461591 (62ebf098771772160f391d75e589dc567915b233), userDataDir=C:\Users\ALEXAN~1\AppData\Local\Temp\scoped_dir12132_7032}, takesHeapSnapshot=true, pageLoadStrategy=normal, unhandledPromptBehavior=, databaseEnabled=false, handlesAlerts=true, hasTouchScreen=false, version=62.0.3202.89, platform=XP, browserConnectionEnabled=false, nativeEvents=true, acceptSslCerts=true, locationContextEnabled=true, webStorageEnabled=true, browserName=chrome, takesScreenshot=true, javascriptEnabled=true, platformName=XP, cssSelectorsEnabled=true, unexpectedAlertBehaviour=}]
Session ID: efcf49711699c91394d58f9008be3469
	at org.openqa.selenium.support.ui.WebDriverWait.timeoutException(WebDriverWait.java:82)
	at org.openqa.selenium.support.ui.FluentWait.until(FluentWait.java:231)
	at menus.TalentMenu.getActiveTabTalentTraits(TalentMenu.java:154)
	at tests.TalentTraitsPageTest.goTalentTraits(TalentTraitsPageTest.java:48)
... Removed 24 stack frames]]>
    </failure>
  </testcase> <!-- goTalentTraits -->
  <testcase name="getEmptyErrors" time="2.081" classname="tests.TalentTraitsPageTest"/>
  <testcase name="insert11" time="10.811" classname="tests.TalentTraitsPageTest"/>
  <testcase name="insert0" time="8.121" classname="tests.TalentTraitsPageTest"/>
  <testcase name="insertScales" time="20.259" classname="tests.TalentTraitsPageTest"/>
  <testcase name="assertInfo" time="6.681" classname="tests.PersonalPageTest"/>
  <testcase name="assertInfo" time="5.558" classname="tests.PersonalPageTest"/>
  <testcase name="assertInfo" time="5.372" classname="tests.PersonalPageTest"/>
</testsuite> <!-- ru -->
