<?xml version="1.0" encoding="UTF-8"?>
<!-- Generated by org.testng.reporters.JUnitXMLReporter -->
<testsuite ignored="0" hostname="Shushik" failures="1" tests="7" name="talentTraits" time="72.818" errors="0" timestamp="15 Nov 2017 21:19:14 GMT">
  <testcase classname="tests.BaseTest" name="checkLogo" time="0.153"/>
  <testcase classname="tests.ValidLoginTest" name="validLogin" time="12.071"/>
  <testcase classname="tests.TalentTraitsPageTest" name="goTalentTraits" time="3.709">
    <failure type="java.lang.AssertionError" message="expected [active ng-binding ng-scope] but found [ng-scope active]">
      <![CDATA[java.lang.AssertionError: expected [active ng-binding ng-scope] but found [ng-scope active]
	at tests.TalentTraitsPageTest.goTalentTraits(TalentTraitsPageTest.java:30)
... Removed 30 stack frames]]>
    </failure>
  </testcase> <!-- goTalentTraits -->
  <testcase classname="tests.TalentTraitsPageTest" name="getEmptyErrors" time="2.584"/>
  <testcase classname="tests.TalentTraitsPageTest" name="insert11" time="11.28"/>
  <testcase classname="tests.TalentTraitsPageTest" name="insert0" time="8.602"/>
  <testcase classname="tests.TalentTraitsPageTest" name="insertScales" time="7.75"/>
</testsuite> <!-- talentTraits -->
